<?xml version="1.0" encoding="utf-8"?><testsuites name="pytest tests"><testsuite name="pytest" errors="0" failures="0" skipped="3" tests="1385" time="221.985" timestamp="2026-09-11T00:09:07.765905+08:00" hostname="DESKTOP-748PLP2"><testcase classname="tests.test_autonomous_canary.AutonomousWorkflowTests" name="test_actionable_scan_preserves_autonomous_risk_limits" time="0.031" /><testcase classname="tests.test_autonomous_canary.AutonomousWorkflowTests" name="test_attestation_policy_change_between_prevalidation_and_commit_fails_closed" time="0.040" /><testcase classname="tests.test_autonomous_canary.AutonomousWorkflowTests" name="test_candidate_addition_joins_active_cycle_and_ineligible_removal_disappears" time="0.420" /><testcase classname="tests.test_autonomous_canary.AutonomousWorkflowTests" name="test_concurrent_c_d_telemetry_update_does_not_abort_ranker" time="0.045" /><testcase classname="tests.test_autonomous_canary.AutonomousWorkflowTests" name="test_concurrent_paper_lifecycle_update_never_publishes_mixed_current_selection" time="0.046" /><testcase classname="tests.test_autonomous_canary.AutonomousWorkflowTests" name="test_critical_error_toggle_between_prevalidation_and_commit_aborts_stale_rank" time="0.048" /><testcase classname="tests.test_autonomous_canary.AutonomousWorkflowTests" name="test_current_signal_requires_fresh_forward_order_book" time="0.046" /><testcase classname="tests.test_autonomous_canary.AutonomousWorkflowTests" name="test_dashboard_uses_authoritative_service_gate_projection" time="0.031" /><testcase classname="tests.test_autonomous_canary.AutonomousWorkflowTests" name="test_disabled_autonomous_tick_has_no_signals_submissions_or_orders_across_cycles" time="0.120" /><testcase classname="tests.test_autonomous_canary.AutonomousWorkflowTests" name="test_disabled_startup_reconstructs_confirmed_inventory_without_exit_submission" time="0.037" /><testcase classname="tests.test_autonomous_canary.AutonomousWorkflowTests" name="test_duplicate_cluster_followers_are_deferred_and_eventually_checked" time="0.559" /><testcase classname="tests.test_autonomous_canary.AutonomousWorkflowTests" name="test_durable_no_signal_cycle_is_exactly_10_10_8_then_next_tick_starts_cycle" time="0.729" /><testcase classname="tests.test_autonomous_canary.AutonomousWorkflowTests" name="test_enable_rejects_partial_and_contradictory_stored_ready_projection" time="0.044" /><testcase classname="tests.test_autonomous_canary.AutonomousWorkflowTests" name="test_enable_requires_exact_confirmation_and_connectivity_gate" time="0.040" /><testcase classname="tests.test_autonomous_canary.AutonomousWorkflowTests" name="test_equivalent_mutation_clusters_do_not_consume_initial_scan_budget" time="0.197" /><testcase classname="tests.test_autonomous_canary.AutonomousWorkflowTests" name="test_execution_quality_deltas_are_persisted" time="0.124" /><testcase classname="tests.test_autonomous_canary.AutonomousWorkflowTests" name="test_expired_persisted_ready_signal_refreshes_same_tick_and_prefers_rank_one" time="0.234" /><testcase classname="tests.test_autonomous_canary.AutonomousWorkflowTests" name="test_first_successful_ranker_tick_publishes_current_projection" time="0.048" /><testcase classname="tests.test_autonomous_canary.AutonomousWorkflowTests" name="test_follower_evidence_change_preserves_checked_ids_and_reorders_remaining_candidates" time="0.417" /><testcase classname="tests.test_autonomous_canary.AutonomousWorkflowTests" name="test_forward_contamination_blocks_prediction_canary" time="0.023" /><testcase classname="tests.test_autonomous_canary.AutonomousWorkflowTests" name="test_hermes_cannot_change_autonomous_risk_controls" time="0.025" /><testcase classname="tests.test_autonomous_canary.AutonomousWorkflowTests" name="test_holdout_evidence_is_excluded_and_ranking_is_deterministic" time="0.067" /><testcase classname="tests.test_autonomous_canary.AutonomousWorkflowTests" name="test_kill_latch_precedes_disarm_and_reenable" time="0.026" /><testcase classname="tests.test_autonomous_canary.AutonomousWorkflowTests" name="test_lifecycle_snapshot_changed_retries_at_most_three_times_without_reset" time="0.197" /><testcase classname="tests.test_autonomous_canary.AutonomousWorkflowTests" name="test_lower_rank_ready_is_submitted_once_without_replacing_research_order" time="0.075" /><testcase classname="tests.test_autonomous_canary.AutonomousWorkflowTests" name="test_malformed_provenance_blocks_prediction_canary" time="0.021" /><testcase classname="tests.test_autonomous_canary.AutonomousWorkflowTests" name="test_missing_historical_dataset_version_rejects_prediction_canary" time="0.026" /><testcase classname="tests.test_autonomous_canary.AutonomousWorkflowTests" name="test_multiple_ready_signals_use_deterministic_fallback_order" time="0.083" /><testcase classname="tests.test_autonomous_canary.AutonomousWorkflowTests" name="test_mutation_cluster_has_one_representative_and_winner_is_persisted" time="0.052" /><testcase classname="tests.test_autonomous_canary.AutonomousWorkflowTests" name="test_nested_market_source_change_aborts_stale_rank_commit" time="0.044" /><testcase classname="tests.test_autonomous_canary.AutonomousWorkflowTests" name="test_nested_validation_ranking_input_change_stales_selection_until_reevaluation" time="0.058" /><testcase classname="tests.test_autonomous_canary.AutonomousWorkflowTests" name="test_new_candidate_between_prevalidation_and_commit_fails_closed" time="0.041" /><testcase classname="tests.test_autonomous_canary.AutonomousWorkflowTests" name="test_new_ranker_instance_preserves_persisted_selection_semantics" time="0.064" /><testcase classname="tests.test_autonomous_canary.AutonomousWorkflowTests" name="test_no_actionable_signal_never_submits" time="0.068" /><testcase classname="tests.test_autonomous_canary.AutonomousWorkflowTests" name="test_node_initializing_publication_is_cheap_and_not_last_good" time="0.022" /><testcase classname="tests.test_autonomous_canary.AutonomousWorkflowTests" name="test_node_restarts_dead_autonomous_thread_with_durable_restart_state" time="0.019" /><testcase classname="tests.test_autonomous_canary.AutonomousWorkflowTests" name="test_node_worker_isolated_from_collector" time="0.026" /><testcase classname="tests.test_autonomous_canary.AutonomousWorkflowTests" name="test_older_ranker_failure_cannot_clobber_newer_current_projection" time="0.025" /><testcase classname="tests.test_autonomous_canary.AutonomousWorkflowTests" name="test_price_proxy_is_limited_historical_fidelity" time="0.021" /><testcase classname="tests.test_autonomous_canary.AutonomousWorkflowTests" name="test_qualification_hash_change_rechecks_only_affected_candidate" time="0.268" /><testcase classname="tests.test_autonomous_canary.AutonomousWorkflowTests" name="test_qualification_lifecycle_change_between_prevalidation_and_commit_fails_closed" time="0.047" /><testcase classname="tests.test_autonomous_canary.AutonomousWorkflowTests" name="test_ranker_automatically_binds_eligible_prediction_candidates" time="0.046" /><testcase classname="tests.test_autonomous_canary.AutonomousWorkflowTests" name="test_ranker_failure_after_first_scan_window_preserves_cycle_and_checked_rows" time="0.417" /><testcase classname="tests.test_autonomous_canary.AutonomousWorkflowTests" name="test_ranker_requires_canonical_scope_successor_for_legacy_payload" time="0.026" /><testcase classname="tests.test_autonomous_canary.AutonomousWorkflowTests" name="test_ranking_change_adds_candidate_to_current_cycle_without_rechecking_checked_ids" time="0.578" /><testcase classname="tests.test_autonomous_canary.AutonomousWorkflowTests" name="test_ranking_evidence_change_preserves_checked_coverage" time="0.360" /><testcase classname="tests.test_autonomous_canary.AutonomousWorkflowTests" name="test_ranking_relevant_forward_change_stales_selection_until_reevaluation" time="0.072" /><testcase classname="tests.test_autonomous_canary.AutonomousWorkflowTests" name="test_ranking_run_change_and_telemetry_change_do_not_reset_cycle" time="0.353" /><testcase classname="tests.test_autonomous_canary.AutonomousWorkflowTests" name="test_rankings_read_is_serialized_against_concurrent_writer" time="0.063" /><testcase classname="tests.test_autonomous_canary.AutonomousWorkflowTests" name="test_ready_candidates_produce_at_most_one_order_decision" time="0.115" /><testcase classname="tests.test_autonomous_canary.AutonomousWorkflowTests" name="test_ready_rank_one_is_preferred_over_later_ready_candidate" time="0.115" /><testcase classname="tests.test_autonomous_canary.AutonomousWorkflowTests" name="test_ready_reason_count_and_selection_are_rank_ordered_without_order" time="0.117" /><testcase classname="tests.test_autonomous_canary.AutonomousWorkflowTests" name="test_real_worker_rebinds_actionable_rank_two_without_replacing_research_winner" time="0.309" /><testcase classname="tests.test_autonomous_canary.AutonomousWorkflowTests" name="test_reason_counts_persist_across_restart_ranking_and_c_d_telemetry" time="0.327" /><testcase classname="tests.test_autonomous_canary.AutonomousWorkflowTests" name="test_reason_counts_reset_only_when_durable_cycle_is_new" time="0.153" /><testcase classname="tests.test_autonomous_canary.AutonomousWorkflowTests" name="test_rejected_candidate_is_not_executable_after_ranker_tick" time="0.065" /><testcase classname="tests.test_autonomous_canary.AutonomousWorkflowTests" name="test_remaining_candidates_follow_current_rank_order_after_score_change" time="0.382" /><testcase classname="tests.test_autonomous_canary.AutonomousWorkflowTests" name="test_scan_continues_after_rank_one_no_signal_to_rank_two_ready" time="0.106" /><testcase classname="tests.test_autonomous_canary.AutonomousWorkflowTests" name="test_scan_history_retains_latest_eight_cycles_and_active_restart_state" time="0.036" /><testcase classname="tests.test_autonomous_canary.AutonomousWorkflowTests" name="test_scan_window_advances_without_starving_later_ranked_candidate" time="0.524" /><testcase classname="tests.test_autonomous_canary.AutonomousWorkflowTests" name="test_selection_metadata_tampering_cannot_bind_autonomous_canary" time="1.389" /><testcase classname="tests.test_autonomous_canary.AutonomousWorkflowTests" name="test_signal_evaluation_exception_persists_active_cycle_for_restart" time="0.344" /><testcase classname="tests.test_autonomous_canary.AutonomousWorkflowTests" name="test_signal_reason_counts_are_exact_bounded_and_one_per_checked_candidate" time="0.210" /><testcase classname="tests.test_autonomous_canary.AutonomousWorkflowTests" name="test_stale_and_invalid_rankings_are_skipped_before_signal_evaluation" time="0.119" /><testcase classname="tests.test_autonomous_canary.AutonomousWorkflowTests" name="test_timestamped_depth_ranks_above_price_proxy" time="0.068" /><testcase classname="tests.test_autonomous_canary.AutonomousWorkflowTests" name="test_top_level_ranking_alias_change_aborts_stale_rank_commit" time="0.075" /><testcase classname="tests.test_autonomous_canary.AutonomousWorkflowTests" name="test_unknown_signal_is_terminal_for_worker_without_external_retry" time="0.109" /><testcase classname="tests.test_autonomous_canary.AutonomousWorkflowTests" name="test_untampered_atomic_selection_is_current_when_rows_match" time="0.070" /><testcase classname="tests.test_autonomous_canary.AutonomousWorkflowTests" name="test_valid_price_proxy_candidate_passes_limited_canary_gate" time="0.041" /><testcase classname="tests.test_autonomous_canary.AutonomousWorkflowTests" name="test_venue_factory_failure_is_retryable_without_unknown_signal_or_order_attempt" time="0.298" /><testcase classname="tests.test_autonomous_canary.AutonomousWorkflowTests" name="test_winner_switch_keeps_new_selection_current_and_exposes_previous_history" time="0.081" /><testcase classname="tests.test_autonomous_canary.AutonomousWorkflowTests" name="test_worker_disabled_and_no_signal_never_constructs_submission_venue" time="0.057" /><testcase classname="tests.test_autonomous_canary.AutonomousWorkflowTests" name="test_worker_durably_scans_eligible_candidate_without_ranking_evidence" time="0.060" /><testcase classname="tests.test_autonomous_canary.AutonomousWorkflowTests" name="test_worker_makes_exactly_one_submission_decision" time="0.108" /><testcase classname="tests.test_autonomous_canary.AutonomousWorkflowTests" name="test_worker_recovers_after_one_exception_and_persists_error_metadata" time="0.047" /><testcase classname="tests.test_autonomous_canary.AutonomousWorkflowTests" name="test_worker_scans_rank0_follower_after_empty_representative_and_submits_same_tick" time="0.270" /><testcase classname="tests.test_autonomous_canary.AutonomousWorkflowTests" name="test_worker_uses_authoritative_control_when_dashboard_snapshot_is_missing" time="0.104" /><testcase classname="tests.test_axiom.StrategyAndAccountingTests" name="test_binary_contract_pays_winner_once" time="0.002" /><testcase classname="tests.test_axiom.StrategyAndAccountingTests" name="test_crypto_accounting_fees_slippage_and_partial_fill" time="0.001" /><testcase classname="tests.test_axiom.StrategyAndAccountingTests" name="test_metric_lots_do_not_cross_prediction_outcomes" time="0.001" /><testcase classname="tests.test_axiom.StrategyAndAccountingTests" name="test_order_book_is_sorted_and_walks_displayed_depth" time="0.001" /><testcase classname="tests.test_axiom.StrategyAndAccountingTests" name="test_portfolio_guards_cash_shorts_and_partial_order_reuse" time="0.001" /><testcase classname="tests.test_axiom.StrategyAndAccountingTests" name="test_strategy_dsl_is_versioned_and_rejects_code" time="0.002" /><testcase classname="tests.test_axiom.PredictionAndMetricsTests" name="test_beta_belief_updates_are_versioned_and_uncertainty_aware" time="0.001" /><testcase classname="tests.test_axiom.PredictionAndMetricsTests" name="test_calibration_buckets_brier_logloss_and_ece" time="0.002" /><testcase classname="tests.test_axiom.PredictionAndMetricsTests" name="test_expected_value_uses_executable_costs" time="0.001" /><testcase classname="tests.test_axiom.PredictionAndMetricsTests" name="test_prediction_backtest_respects_resolution_timestamp" time="0.003" /><testcase classname="tests.test_axiom.PredictionAndMetricsTests" name="test_prediction_edges_preserve_reference_and_complement_no_probability" time="0.002" /><testcase classname="tests.test_axiom.PredictionAndMetricsTests" name="test_probability_models_are_reproducible_and_versioned" time="0.001" /><testcase classname="tests.test_axiom.RiskRegimeAndEvolutionTests" name="test_cvar_is_a_tail_loss_metric_and_risk_gate" time="0.001" /><testcase classname="tests.test_axiom.RiskRegimeAndEvolutionTests" name="test_evolution_mutation_hybrid_and_locked_holdout" time="0.001" /><testcase classname="tests.test_axiom.RiskRegimeAndEvolutionTests" name="test_overlapping_regimes" time="0.001" /><testcase classname="tests.test_axiom.RiskRegimeAndEvolutionTests" name="test_prediction_sizing_is_fractional_and_uncertainty_adjusted" time="0.001" /><testcase classname="tests.test_axiom.RiskRegimeAndEvolutionTests" name="test_risk_limits_kill_switch_and_correlated_group" time="0.001" /><testcase classname="tests.test_axiom.DataEvaluationAndProductTests" name="test_binance_adapter_paginates_explicit_historical_ranges" time="0.024" /><testcase classname="tests.test_axiom.DataEvaluationAndProductTests" name="test_dashboard_serves_read_only_json" time="0.540" /><testcase classname="tests.test_axiom.DataEvaluationAndProductTests" name="test_data_pipeline_and_offline_research_are_explicitly_low_quality" time="0.061" /><testcase classname="tests.test_axiom.DataEvaluationAndProductTests" name="test_dataset_split_walk_forward_and_immutable_versions" time="0.001" /><testcase classname="tests.test_axiom.DataEvaluationAndProductTests" name="test_hermes_is_schema_only" time="0.001" /><testcase classname="tests.test_axiom.DataEvaluationAndProductTests" name="test_paper_trader_reuses_portfolio_risk_and_disables_live" time="0.003" /><testcase classname="tests.test_axiom.DataEvaluationAndProductTests" name="test_storage_migrates_legacy_market_tables_without_losing_rows" time="0.016" /><testcase classname="tests.test_axiom.DataEvaluationAndProductTests" name="test_storage_migrates_legacy_source_type_columns_before_indexes" time="0.011" /><testcase classname="tests.test_axiom.DataEvaluationAndProductTests" name="test_storage_roundtrip_and_dataset_version_immutability" time="0.013" /><testcase classname="tests.test_axiom.DataEvaluationAndProductTests" name="test_storage_versions_and_transaction_rollback_are_atomic" time="0.012" /><testcase classname="tests.test_axiom.PhaseTwoQualityTests" name="test_backtests_do_not_use_future_rows_and_accept_string_timestamps" time="0.004" /><testcase classname="tests.test_axiom.PhaseTwoQualityTests" name="test_benchmarks_and_research_quality_labels_are_explicit" time="0.004" /><testcase classname="tests.test_axiom.PhaseTwoQualityTests" name="test_collector_is_resumable_immutable_and_health_aware" time="0.041" /><testcase classname="tests.test_axiom.PhaseTwoQualityTests" name="test_dashboard_exposes_store_health_detail" time="0.524" /><testcase classname="tests.test_axiom.PhaseTwoQualityTests" name="test_forward_registry_and_scanner_are_paper_only_and_frozen" time="0.012" /><testcase classname="tests.test_axiom.PhaseTwoQualityTests" name="test_immutable_trade_keys_are_scoped_and_robustness_rejects_bad_counts" time="0.011" /><testcase classname="tests.test_axiom.PhaseTwoQualityTests" name="test_limit_order_stops_at_adverse_depth_and_requires_limit" time="0.001" /><testcase classname="tests.test_axiom.PhaseTwoQualityTests" name="test_multi_horizon_calibration_and_robustness_reject_invalid_inputs" time="0.002" /><testcase classname="tests.test_axiom.PhaseTwoQualityTests" name="test_paper_trader_sorts_history_and_filters_risk_kwargs" time="0.002" /><testcase classname="tests.test_axiom.PhaseTwoQualityTests" name="test_pipeline_drops_invalid_timestamps_and_outage_datasets" time="0.012" /><testcase classname="tests.test_axiom.PhaseTwoQualityTests" name="test_polymarket_public_collector_uses_data_api_without_private_trades_endpoint" time="0.002" /><testcase classname="tests.test_axiom.PhaseTwoQualityTests" name="test_prediction_group_and_strategy_caps_do_not_net_outcomes" time="0.002" /><testcase classname="tests.test_axiom.PhaseTwoQualityTests" name="test_prediction_outcome_risk_exposure_does_not_net_yes_and_no" time="0.001" /><testcase classname="tests.test_axiom.PhaseTwoQualityTests" name="test_resolved_prediction_research_reports_fixed_horizons" time="0.003" /><testcase classname="tests.test_binance_auto.BinanceAutonomousWorkerTests" name="test_autonomous_worker_does_not_construct_other_market_family_clients" time="0.008" /><testcase classname="tests.test_binance_auto.BinanceAutonomousWorkerTests" name="test_bounded_deterministic_ranking_uses_lower_rank_fallback" time="0.015" /><testcase classname="tests.test_binance_auto.BinanceAutonomousWorkerTests" name="test_collects_exact_snapshot_membership_and_exit_symbols" time="0.014" /><testcase classname="tests.test_binance_auto.BinanceAutonomousWorkerTests" name="test_cross_database_exact_row_hash_can_bind_local_frozen_candidate" time="0.023" /><testcase classname="tests.test_binance_auto.BinanceAutonomousWorkerTests" name="test_cross_database_nested_provenance_hash_is_not_row_proof" time="0.017" /><testcase classname="tests.test_binance_auto.BinanceAutonomousWorkerTests" name="test_cross_database_wrong_row_hash_fails_closed" time="0.017" /><testcase classname="tests.test_binance_auto.BinanceAutonomousWorkerTests" name="test_deadline_expiry_stops_after_reconcile_without_collection_or_submission" time="0.062" /><testcase classname="tests.test_binance_auto.BinanceAutonomousWorkerTests" name="test_different_database_candidate_id_collision_cannot_hydrate_local_lifecycle" time="0.023" /><testcase classname="tests.test_binance_auto.BinanceAutonomousWorkerTests" name="test_explicit_paper_execution_keeps_persisted_origin_on_legacy_exit_path" time="0.016" /><testcase classname="tests.test_binance_auto.BinanceAutonomousWorkerTests" name="test_explicit_paper_execution_keeps_persisted_row_on_legacy_binding_path" time="0.018" /><testcase classname="tests.test_binance_auto.BinanceAutonomousWorkerTests" name="test_generated_frozen_candidate_hydrates_exact_strategy_and_evidence" time="0.020" /><testcase classname="tests.test_binance_auto.BinanceAutonomousWorkerTests" name="test_invalid_frozen_hash_never_falls_back_to_static_strategy" time="0.018" /><testcase classname="tests.test_binance_auto.BinanceAutonomousWorkerTests" name="test_missing_universe_is_no_trade_without_market_or_qualification_calls" time="0.011" /><testcase classname="tests.test_binance_auto.BinanceAutonomousWorkerTests" name="test_no_trade_is_durable_and_status_survives_restart" time="0.015" /><testcase classname="tests.test_binance_auto.BinanceAutonomousWorkerTests" name="test_owned_position_never_averages_down" time="0.014" /><testcase classname="tests.test_binance_auto.BinanceAutonomousWorkerTests" name="test_paper_persisted_candidate_hydrates_strategy_without_static_injection" time="0.019" /><testcase classname="tests.test_binance_auto.BinanceAutonomousWorkerTests" name="test_paused_restart_suppresses_exit_for_held_sell_reservation" time="0.014" /><testcase classname="tests.test_binance_auto.BinanceAutonomousWorkerTests" name="test_persisted_exit_rejects_non_paper_source_binding" time="0.016" /><testcase classname="tests.test_binance_auto.BinanceAutonomousWorkerTests" name="test_persisted_strategy_support_uses_canonical_same_database_path" time="0.053" /><testcase classname="tests.test_binance_auto.BinanceAutonomousWorkerTests" name="test_polling_and_market_failures_pause_entries_without_thread_death" time="0.008" /><testcase classname="tests.test_binance_auto.BinanceAutonomousWorkerTests" name="test_reconciles_before_entries_when_disabled_and_killed" time="0.015" /><testcase classname="tests.test_binance_auto.BinanceAutonomousWorkerTests" name="test_removed_position_exits_from_origin_policy_before_entry" time="0.011" /><testcase classname="tests.test_binance_auto.BinanceAutonomousWorkerTests" name="test_requested_entry_symbol_filters_entries_but_keeps_cross_symbol_exit" time="0.016" /><testcase classname="tests.test_binance_auto.BinanceAutonomousWorkerTests" name="test_restart_exit_rehydrates_exact_origin_and_rejects_missing_origin" time="0.018" /><testcase classname="tests.test_binance_auto.BinanceAutonomousWorkerTests" name="test_restart_exit_rejects_conflicting_root_environment_evidence" time="0.019" /><testcase classname="tests.test_binance_auto.BinanceAutonomousWorkerTests" name="test_restart_exit_rejects_conflicting_root_hash_evidence" time="0.016" /><testcase classname="tests.test_binance_auto.BinanceAutonomousWorkerTests" name="test_restart_exit_rejects_contradictory_nested_payload_hash" time="0.011" /><testcase classname="tests.test_binance_auto.BinanceAutonomousWorkerTests" name="test_restart_exit_rejects_live_origin_with_matching_paper_lifecycle" time="0.011" /><testcase classname="tests.test_binance_auto.BinanceAutonomousWorkerTests" name="test_restart_exit_rejects_projected_origin_missing_hash_evidence" time="0.017" /><testcase classname="tests.test_binance_auto.BinanceAutonomousWorkerTests" name="test_same_database_minimal_row_uses_local_frozen_candidate" time="0.017" /><testcase classname="tests.test_binance_auto.BinanceAutonomousWorkerTests" name="test_signal_interval_is_deduplicated_before_second_execution_call" time="0.012" /><testcase classname="tests.test_binance_auto.BinanceAutonomousWorkerTests" name="test_stale_unqualified_and_non_trading_markets_block_entries" time="0.019" /><testcase classname="tests.test_binance_auto.BinanceAutonomousWorkerTests" name="test_successful_reconciliation_allows_normal_entry_but_not_owned_exit_only" time="0.012" /><testcase classname="tests.test_binance_dashboard.BinanceDashboardTests" name="test_binance_credentials_reference_hash_is_strictly_validated" time="0.030" /><testcase classname="tests.test_binance_dashboard.BinanceDashboardTests" name="test_constructor_without_binance_remains_valid" time="0.001" /><testcase classname="tests.test_binance_dashboard.BinanceDashboardTests" name="test_ephemeral_server_separates_binance_and_polymarket" time="0.529" /><testcase classname="tests.test_binance_dashboard.BinanceDashboardTests" name="test_foreign_testnet_shape_without_marker_keeps_legacy_projection" time="0.005" /><testcase classname="tests.test_binance_dashboard.BinanceDashboardTests" name="test_hermes_projection_preserves_json_safe_nested_scalars" time="0.519" /><testcase classname="tests.test_binance_dashboard.BinanceDashboardTests" name="test_initial_binance_nav_label_uses_only_strict_facade_marker" time="1.534" /><testcase classname="tests.test_binance_dashboard.BinanceDashboardTests" name="test_paper_projection_keeps_legacy_environment_shape" time="0.004" /><testcase classname="tests.test_binance_dashboard.BinanceDashboardTests" name="test_real_testnet_control_marker_sets_initial_label_without_status_io" time="0.001" /><testcase classname="tests.test_binance_dashboard.BinanceDashboardTests" name="test_testnet_http_surface_rejects_order_bearing_actions" time="0.524" /><testcase classname="tests.test_binance_dashboard.BinanceDashboardTests" name="test_testnet_json_projection_is_named_bounded_and_secret_free" time="0.007" /><testcase classname="tests.test_binance_dev.BinanceDevelopmentTests" name="test_binance_testnet_cli_command_shape_is_fixed" time="0.082" /><testcase classname="tests.test_binance_dev.BinanceDevelopmentTests" name="test_binance_testnet_cli_mutations_use_profile_locked_wrapper" time="0.074" /><testcase classname="tests.test_binance_dev.BinanceDevelopmentTests" name="test_cli_binance_credentials_accepts_only_testnet" time="0.086" /><testcase classname="tests.test_binance_dev.BinanceDevelopmentTests" name="test_cli_binance_credentials_writes_only_testnet_namespace_and_exposes_no_secrets" time="0.049" /><testcase classname="tests.test_binance_dev.BinanceDevelopmentTests" name="test_cli_binance_dev_surface_is_fixed_and_once_uses_runtime_only" time="0.063" /><testcase classname="tests.test_binance_dev.BinanceDevelopmentTests" name="test_development_runtime_is_paper_only_before_construction" time="0.007" /><testcase classname="tests.test_binance_dev.BinanceDevelopmentTests" name="test_development_runtime_uses_paper_venue_and_checkout_scoped_markers" time="0.132" /><testcase classname="tests.test_binance_dev.BinanceDevelopmentTests" name="test_empty_store_once_cycle_reports_no_universe_without_public_services" time="0.105" /><testcase classname="tests.test_binance_dev.BinanceDevelopmentTests" name="test_paper_venue_orders_are_decimal_safe_and_owned" time="0.002" /><testcase classname="tests.test_binance_dev.BinanceDevelopmentTests" name="test_testnet_auto_cleanup_failure_reports_both_attempts" time="0.145" /><testcase classname="tests.test_binance_dev.BinanceDevelopmentTests" name="test_testnet_auto_cleanup_rejects_nested_failure_even_with_outer_ok" time="0.149" /><testcase classname="tests.test_binance_dev.BinanceDevelopmentTests" name="test_testnet_auto_elapsed_deadline_skips_worker_cycle" time="0.127" /><testcase classname="tests.test_binance_dev.BinanceDevelopmentTests" name="test_testnet_auto_keyboard_interrupt_propagates_after_cleanup" time="0.129" /><testcase classname="tests.test_binance_dev.BinanceDevelopmentTests" name="test_testnet_auto_lock_failure_never_arms_and_runtime_closes" time="0.124" /><testcase classname="tests.test_binance_dev.BinanceDevelopmentTests" name="test_testnet_auto_refuses_probe_unknown_before_authorization" time="0.142" /><testcase classname="tests.test_binance_dev.BinanceDevelopmentTests" name="test_testnet_auto_worker_exception_pauses_and_releases_lock" time="0.143" /><testcase classname="tests.test_binance_dev.BinanceDevelopmentTests" name="test_testnet_components_use_distinct_sqlite_connections" time="0.115" /><testcase classname="tests.test_binance_dev.BinanceDevelopmentTests" name="test_testnet_configured_uses_keyring_identity_and_bounded_auto_pauses" time="0.158" /><testcase classname="tests.test_binance_dev.BinanceDevelopmentTests" name="test_testnet_credential_store_load_error_fails_closed" time="0.004" /><testcase classname="tests.test_binance_dev.BinanceDevelopmentTests" name="test_testnet_dashboard_actions_honor_credential_removal_and_rotation" time="0.121" /><testcase classname="tests.test_binance_dev.BinanceDevelopmentTests" name="test_testnet_execution_factory_typeerror_propagates_without_retry_and_closes_resources" time="0.089" /><testcase classname="tests.test_binance_dev.BinanceDevelopmentTests" name="test_testnet_missing_keyring_is_blocked_without_worker_or_venue" time="0.120" /><testcase classname="tests.test_binance_dev.BinanceDevelopmentTests" name="test_testnet_rejects_conflicting_direct_execution_environment" time="0.124" /><testcase classname="tests.test_binance_dev.BinanceDevelopmentTests" name="test_testnet_rejects_conflicting_factory_execution_profile" time="0.154" /><testcase classname="tests.test_binance_dev.BinanceDevelopmentTests" name="test_testnet_rejects_explicit_credentials_before_store_load" time="0.005" /><testcase classname="tests.test_binance_dev.BinanceDevelopmentTests" name="test_testnet_rejects_fake_or_wrong_venue_identity" time="0.447" /><testcase classname="tests.test_binance_dev.BinanceDevelopmentTests" name="test_testnet_rejects_gate_without_canonical_store_binding" time="0.117" /><testcase classname="tests.test_binance_dev.BinanceDevelopmentTests" name="test_testnet_rejects_metadata_free_direct_execution" time="0.107" /><testcase classname="tests.test_binance_dev.BinanceDevelopmentTests" name="test_testnet_rejects_reused_store_connection_and_closes_it" time="0.068" /><testcase classname="tests.test_binance_dev.BinanceDevelopmentTests" name="test_testnet_rejects_wrong_credential_ref_before_load_or_store" time="0.009" /><testcase classname="tests.test_binance_execution.BinanceExecutionContractTests" name="test_accepted_response_lost_before_commit_reconciles_once_after_restart" time="0.073" /><testcase classname="tests.test_binance_execution.BinanceExecutionContractTests" name="test_acknowledgement_without_fill_is_distinct_from_partial_fill" time="0.014" /><testcase classname="tests.test_binance_execution.BinanceExecutionContractTests" name="test_armed_testnet_entry_blocks_every_probe_peer_blocker" time="0.043" /><testcase classname="tests.test_binance_execution.BinanceExecutionContractTests" name="test_cancel_race_ingests_partial_and_filled_payloads" time="0.014" /><testcase classname="tests.test_binance_execution.BinanceExecutionContractTests" name="test_cancel_requires_exact_owned_client_id_and_symbol" time="0.009" /><testcase classname="tests.test_binance_execution.BinanceExecutionContractTests" name="test_canceled_aggregate_waits_for_delayed_buy_trade_across_restart" time="0.080" /><testcase classname="tests.test_binance_execution.BinanceExecutionContractTests" name="test_default_control_is_disabled_and_exact_confirmation_arms_only_binance" time="0.009" /><testcase classname="tests.test_binance_execution.BinanceExecutionContractTests" name="test_disconnect_after_acceptance_is_unknown_then_client_id_reconciles" time="0.011" /><testcase classname="tests.test_binance_execution.BinanceExecutionContractTests" name="test_duplicate_and_out_of_order_fills_are_idempotent_and_secrets_are_redacted" time="0.019" /><testcase classname="tests.test_binance_execution.BinanceExecutionContractTests" name="test_dynamic_authorizer_and_policy_are_an_atomic_constructor_pair" time="0.012" /><testcase classname="tests.test_binance_execution.BinanceExecutionContractTests" name="test_dynamic_entry_authorizes_successor_without_static_binding_equality" time="0.026" /><testcase classname="tests.test_binance_execution.BinanceExecutionContractTests" name="test_dynamic_exit_rejects_account_inventory_without_durable_origin" time="0.017" /><testcase classname="tests.test_binance_execution.BinanceExecutionContractTests" name="test_dynamic_selection_change_at_final_fence_is_known_unsent" time="0.024" /><testcase classname="tests.test_binance_execution.BinanceExecutionContractTests" name="test_entry_reserves_before_send_and_repeated_signal_does_not_resubmit" time="0.015" /><testcase classname="tests.test_binance_execution.BinanceExecutionContractTests" name="test_epoch_change_pauses_testnet_and_marks_reset" time="0.009" /><testcase classname="tests.test_binance_execution.BinanceExecutionContractTests" name="test_equal_exchange_trade_ids_are_scoped_by_symbol" time="0.013" /><testcase classname="tests.test_binance_execution.BinanceExecutionContractTests" name="test_expired_aggregate_waits_for_delayed_sell_trade_and_releases_remainder" time="0.021" /><testcase classname="tests.test_binance_execution.BinanceExecutionContractTests" name="test_expired_submit_is_known_unsent_and_never_calls_venue" time="0.014" /><testcase classname="tests.test_binance_execution.BinanceExecutionContractTests" name="test_filled_without_trade_rows_retains_reservation_until_trades_arrive" time="0.015" /><testcase classname="tests.test_binance_execution.BinanceExecutionContractTests" name="test_kill_during_blocked_venue_call_cannot_claim_retraction" time="0.015" /><testcase classname="tests.test_binance_execution.BinanceExecutionContractTests" name="test_known_third_asset_fee_changes_net_pnl" time="0.018" /><testcase classname="tests.test_binance_execution.BinanceExecutionContractTests" name="test_late_submit_ack_after_canceled_cannot_resurrect_order" time="0.068" /><testcase classname="tests.test_binance_execution.BinanceExecutionContractTests" name="test_legacy_raw_trade_id_migration_is_idempotent" time="0.079" /><testcase classname="tests.test_binance_execution.BinanceExecutionContractTests" name="test_legacy_reserved_quantity_migration_backfills_held_sells_idempotently" time="0.112" /><testcase classname="tests.test_binance_execution.BinanceExecutionContractTests" name="test_ok_transport_missing_or_unknown_exchange_status_is_unknown_and_held" time="0.108" /><testcase classname="tests.test_binance_execution.BinanceExecutionContractTests" name="test_partial_buy_then_exit_derives_owned_position_and_realized_net_pnl" time="0.022" /><testcase classname="tests.test_binance_execution.BinanceExecutionContractTests" name="test_partial_sell_reserves_only_symbol_remaining_quantity_transactionally" time="0.024" /><testcase classname="tests.test_binance_execution.BinanceExecutionContractTests" name="test_partial_terminal_observation_releases_remainder_and_preserves_fills" time="0.191" /><testcase classname="tests.test_binance_execution.BinanceExecutionContractTests" name="test_persisted_paper_authorization_is_disabled_for_testnet" time="0.060" /><testcase classname="tests.test_binance_execution.BinanceExecutionContractTests" name="test_probe_peer_invalid_intent_side_fails_closed" time="0.009" /><testcase classname="tests.test_binance_execution.BinanceExecutionContractTests" name="test_probe_peer_reservation_symbol_side_mismatch_fails_closed_even_released" time="0.010" /><testcase classname="tests.test_binance_execution.BinanceExecutionContractTests" name="test_query_or_my_trades_failure_pauses_entries_but_reconcile_remains_callable" time="0.015" /><testcase classname="tests.test_binance_execution.BinanceExecutionContractTests" name="test_quote_fee_buy_increases_cost_basis" time="0.013" /><testcase classname="tests.test_binance_execution.BinanceExecutionContractTests" name="test_rate_limit_submission_stays_held_and_reconciles_by_client_id" time="0.057" /><testcase classname="tests.test_binance_execution.BinanceExecutionContractTests" name="test_rate_limited_cancel_keeps_reservation_and_pauses_entries" time="0.015" /><testcase classname="tests.test_binance_execution.BinanceExecutionContractTests" name="test_rejected_query_keeps_reservation_and_pauses_entries" time="0.014" /><testcase classname="tests.test_binance_execution.BinanceExecutionContractTests" name="test_restart_after_fill_commit_releases_durable_filled_reservation" time="0.060" /><testcase classname="tests.test_binance_execution.BinanceExecutionContractTests" name="test_restart_from_reserved_queries_client_id_without_blind_submit" time="0.068" /><testcase classname="tests.test_binance_execution.BinanceExecutionContractTests" name="test_restart_from_submitting_queries_client_id_without_blind_submit" time="0.061" /><testcase classname="tests.test_binance_execution.BinanceExecutionContractTests" name="test_signal_environment_mismatch_is_rejected_before_persistence" time="0.013" /><testcase classname="tests.test_binance_execution.BinanceExecutionContractTests" name="test_stale_unknown_after_terminal_filled_cannot_regress_or_retain_reservation" time="0.065" /><testcase classname="tests.test_binance_execution.BinanceExecutionContractTests" name="test_testnet_auto_refuses_unresolved_probe_before_arm" time="0.034" /><testcase classname="tests.test_binance_execution.BinanceExecutionContractTests" name="test_testnet_deadline_is_rechecked_before_durable_arm" time="0.025" /><testcase classname="tests.test_binance_execution.BinanceExecutionContractTests" name="test_testnet_nested_fill_client_identity_mismatch_is_unknown_and_held" time="0.022" /><testcase classname="tests.test_binance_execution.BinanceExecutionContractTests" name="test_testnet_requires_distinct_phrase_and_frozen_risk_envelope" time="0.019" /><testcase classname="tests.test_binance_execution.BinanceExecutionContractTests" name="test_timeout_is_unknown_and_reconcile_uses_client_id_without_resubmit" time="0.010" /><testcase classname="tests.test_binance_execution.BinanceExecutionContractTests" name="test_two_connections_racing_same_signal_create_one_reservation_and_submission" time="0.075" /><testcase classname="tests.test_binance_execution.BinanceExecutionContractTests" name="test_unknown_fee_makes_pnl_unknown_and_pauses_new_entries" time="0.015" /><testcase classname="tests.test_binance_execution.BinanceExecutionContractTests" name="test_unknown_reservation_survives_utc_day_rollover" time="0.013" /><testcase classname="tests.test_binance_execution.BinanceExecutionContractTests" name="test_unresolved_sell_reservation_blocks_full_exit_after_pause_and_restart" time="0.063" /><testcase classname="tests.test_binance_execution.BinanceExecutionContractTests" name="test_venue_identity_is_required_and_profile_bound" time="0.014" /><testcase classname="tests.test_binance_execution_integration.BinanceExecutionIntegrationTests" name="test_ambiguous_submission_becomes_unknown_and_is_never_blindly_resubmitted" time="0.020" /><testcase classname="tests.test_binance_execution_integration.BinanceExecutionIntegrationTests" name="test_binance_namespace_coexists_without_mutating_polymarket_projection" time="0.039" /><testcase classname="tests.test_binance_execution_integration.BinanceExecutionIntegrationTests" name="test_claimed_inventory_cannot_prove_exit_but_durable_origin_can" time="0.018" /><testcase classname="tests.test_binance_execution_integration.BinanceExecutionIntegrationTests" name="test_exit_dust_and_oversell_are_rejected_without_venue_submission" time="0.018" /><testcase classname="tests.test_binance_execution_integration.BinanceExecutionIntegrationTests" name="test_intent_and_reservation_are_committed_before_external_submit" time="0.056" /><testcase classname="tests.test_binance_execution_integration.BinanceExecutionIntegrationTests" name="test_live_environment_is_refused_and_execution_is_opt_in" time="0.016" /><testcase classname="tests.test_binance_execution_integration.BinanceExecutionIntegrationTests" name="test_paper_entry_exit_round_trip_is_a_compatible_binance_order_flow" time="0.022" /><testcase classname="tests.test_binance_execution_integration.BinanceExecutionIntegrationTests" name="test_partial_fill_fee_accounting_reduces_owned_base_and_tracks_quote_fee" time="0.015" /><testcase classname="tests.test_binance_execution_integration.BinanceExecutionIntegrationTests" name="test_pause_disarm_and_kill_never_submit_liquidation" time="0.012" /><testcase classname="tests.test_binance_execution_integration.BinanceExecutionIntegrationTests" name="test_reconciliation_uses_authoritative_order_and_trade_evidence" time="0.013" /><testcase classname="tests.test_binance_execution_integration.BinanceExecutionIntegrationTests" name="test_testnet_gate_is_strict_and_requires_its_distinct_confirmation" time="0.011" /><testcase classname="tests.test_binance_integration.BinancePaperIntegrationTests" name="test_bounded_multisymbol_paper_vertical" time="0.300" /><testcase classname="tests.test_binance_market.BinanceAdapterPublicTests" name="test_closed_candles_filter_exchange_close_time_and_preserve_legacy_method" time="0.002" /><testcase classname="tests.test_binance_market.BinanceAdapterPublicTests" name="test_public_opener_covers_ticker_book_exchange_metadata_without_order_surface" time="0.002" /><testcase classname="tests.test_binance_market.BinanceAdapterPublicTests" name="test_public_redirect_and_alternate_final_origin_are_rejected_before_decode" time="0.001" /><testcase classname="tests.test_binance_market.BinanceAdapterPublicTests" name="test_trades_propagate_absolute_deadline_across_pages" time="0.032" /><testcase classname="tests.test_binance_market.BinanceAdapterPublicTests" name="test_transport_error_crossing_deadline_is_not_swallowed" time="0.001" /><testcase classname="tests.test_binance_market.BinanceMarketCollectorTests" name="test_already_expired_deadline_makes_zero_provider_calls" time="0.002" /><testcase classname="tests.test_binance_market.BinanceMarketCollectorTests" name="test_bounded_workers_return_healthy_and_failed_symbols_while_blocked_symbol_times_out" time="0.089" /><testcase classname="tests.test_binance_market.BinanceMarketCollectorTests" name="test_deadline_cancels_queued_work_and_joins_started_workers" time="0.033" /><testcase classname="tests.test_binance_market.BinanceMarketCollectorTests" name="test_deadline_propagates_to_every_provider_call" time="0.003" /><testcase classname="tests.test_binance_market.BinanceMarketCollectorTests" name="test_exact_universe_provenance_rank_order_recheck_and_market_evidence" time="0.003" /><testcase classname="tests.test_binance_market.BinanceMarketCollectorTests" name="test_legacy_historical_provider_filters_open_bar_before_canary_evidence" time="0.004" /><testcase classname="tests.test_binance_market.BinanceMarketCollectorTests" name="test_removed_symbol_is_exit_only_and_stale_snapshot_never_allows_entry" time="0.005" /><testcase classname="tests.test_binance_operator.BinanceTestnetOperatorTests" name="test_absent_strategy_reports_autonomous_blocked_and_separate_evidence" time="0.003" /><testcase classname="tests.test_binance_operator.BinanceTestnetOperatorTests" name="test_configured_worker_routes_control_to_execution" time="0.003" /><testcase classname="tests.test_binance_operator.BinanceTestnetOperatorTests" name="test_enable_and_resume_actions_never_arm_and_private_authorization_does" time="0.003" /><testcase classname="tests.test_binance_operator.BinanceTestnetOperatorTests" name="test_execution_only_runtime_is_blocked_without_execution_calls" time="0.003" /><testcase classname="tests.test_binance_operator.BinanceTestnetOperatorTests" name="test_explicit_audit_connection_cannot_commit_gate_transaction" time="0.185" /><testcase classname="tests.test_binance_operator.BinanceTestnetOperatorTests" name="test_history_is_independent_bounded_and_secret_free" time="0.001" /><testcase classname="tests.test_binance_operator.BinanceTestnetOperatorTests" name="test_missing_credentials_blocks_gate_without_venue_calls" time="0.002" /><testcase classname="tests.test_binance_operator.BinanceTestnetOperatorTests" name="test_non_executable_worker_is_blocked_even_with_strategy_and_passed_gates" time="0.002" /><testcase classname="tests.test_binance_operator.BinanceTestnetOperatorTests" name="test_persisted_strategy_worker_can_authorize_without_injected_strategy" time="0.001" /><testcase classname="tests.test_binance_operator.BinanceTestnetOperatorTests" name="test_private_authorization_accepts_integer_bounded_window" time="0.001" /><testcase classname="tests.test_binance_operator.BinanceTestnetOperatorTests" name="test_private_authorization_rechecks_deadline_before_durable_arm" time="0.001" /><testcase classname="tests.test_binance_operator.BinanceTestnetOperatorTests" name="test_private_authorization_rejects_invalid_bounded_windows_before_authorization" time="0.006" /><testcase classname="tests.test_binance_operator.BinanceTestnetOperatorTests" name="test_private_authorization_rejects_stale_pass_without_current_credentials" time="0.001" /><testcase classname="tests.test_binance_operator.BinanceTestnetOperatorTests" name="test_probe_requires_exact_confirmation" time="0.002" /><testcase classname="tests.test_binance_operator.BinanceTestnetOperatorTests" name="test_status_and_snapshot_identify_strict_testnet" time="0.003" /><testcase classname="tests.test_binance_operator.BinanceTestnetOperatorTests" name="test_status_blocker_precedence_is_gate_first_and_network_free" time="0.004" /><testcase classname="tests.test_binance_operator.BinanceTestnetOperatorTests" name="test_validation_probe_and_reconcile_dispatch_are_not_strategy_signals" time="0.003" /><testcase classname="tests.test_binance_operator.BinanceOperatorTests" name="test_bounded_pages_keep_complete_ids_in_detail_records" time="0.004" /><testcase classname="tests.test_binance_operator.BinanceOperatorTests" name="test_connectivity_is_separate_from_order_validation" time="0.002" /><testcase classname="tests.test_binance_operator.BinanceOperatorTests" name="test_credential_reference_projection_requires_valid_scalar_hash" time="0.026" /><testcase classname="tests.test_binance_operator.BinanceOperatorTests" name="test_credential_status_accepts_explicit_credentials_only" time="0.005" /><testcase classname="tests.test_binance_operator.BinanceOperatorTests" name="test_credential_status_rejects_redacted_malformed_and_nested_hashes" time="0.013" /><testcase classname="tests.test_binance_operator.BinanceOperatorTests" name="test_enable_resume_phrase_and_live_refusal" time="0.003" /><testcase classname="tests.test_binance_operator.BinanceOperatorTests" name="test_every_success_and_failure_is_persisted" time="0.002" /><testcase classname="tests.test_binance_operator.BinanceOperatorTests" name="test_host_secret_and_forbidden_transport_rejection_has_no_effect" time="0.003" /><testcase classname="tests.test_binance_operator.BinanceOperatorTests" name="test_pause_disarm_kill_warn_and_restart_visibility" time="0.002" /><testcase classname="tests.test_binance_operator.BinanceOperatorTests" name="test_safe_defaults_and_independent_projection" time="0.002" /><testcase classname="tests.test_binance_operator.BinanceOperatorTests" name="test_secret_subtrees_are_redacted_in_status_snapshot_history_and_audit" time="0.008" /><testcase classname="tests.test_binance_operator.BinanceOperatorTests" name="test_sell_reservations_use_remaining_held_quantity_without_quote_budget" time="0.003" /><testcase classname="tests.test_binance_polymarket_integration.BinancePolymarketIntegrationTests" name="test_dashboard_polymarket_and_binance_routes_coexist_without_cross_projection" time="0.034" /><testcase classname="tests.test_binance_polymarket_integration.BinancePolymarketIntegrationTests" name="test_each_control_route_rejects_the_other_venue_action_without_state_change" time="0.002" /><testcase classname="tests.test_binance_polymarket_integration.BinancePolymarketIntegrationTests" name="test_normal_polymarket_startup_has_no_binance_control_or_table_mutations" time="0.734" /><testcase classname="tests.test_binance_polymarket_integration.BinancePolymarketIntegrationTests" name="test_polymarket_and_binance_credentials_use_disjoint_fake_keyring_namespaces" time="0.004" /><testcase classname="tests.test_binance_polymarket_integration.BinancePolymarketIntegrationTests" name="test_strict_testnet_startup_disables_polymarket_control_and_mutations" time="0.149" /><testcase classname="tests.test_binance_research.BinanceResearchContractTests" name="test_dataset_record_mutation_makes_selection_stale" time="0.025" /><testcase classname="tests.test_binance_research.BinanceResearchContractTests" name="test_missing_dataset_catalog_rejects_selection" time="0.020" /><testcase classname="tests.test_binance_research.BinanceResearchContractTests" name="test_nested_crypto_provenance_and_exact_universe_record_revalidation" time="0.035" /><testcase classname="tests.test_binance_research.BinanceResearchContractTests" name="test_probe_rows_do_not_influence_research_ranking" time="0.023" /><testcase classname="tests.test_binance_research.BinanceResearchContractTests" name="test_projection_rejects_non_paper_and_wrapped_environment_provenance" time="0.014" /><testcase classname="tests.test_binance_research.BinanceResearchContractTests" name="test_projection_rejects_whitespace_and_malformed_mapping" time="0.010" /><testcase classname="tests.test_binance_research.BinanceResearchContractTests" name="test_projection_round_trip_is_deterministic_and_non_sharing" time="0.012" /><testcase classname="tests.test_binance_research.BinanceResearchContractTests" name="test_qualification_and_selection_are_crypto_only_and_persisted" time="0.018" /><testcase classname="tests.test_binance_research.BinanceResearchContractTests" name="test_restart_and_immutable_catalog_mutation_make_selection_stale" time="0.030" /><testcase classname="tests.test_binance_resource_ownership_regression.BinanceResourceOwnershipRegressionTests" name="test_losing_paper_starter_cannot_clear_active_stop_request" time="0.114" /><testcase classname="tests.test_binance_resource_ownership_regression.BinanceResourceOwnershipRegressionTests" name="test_release_hands_pid_off_before_lock_to_peer" time="0.126" /><testcase classname="tests.test_binance_resource_ownership_regression.BinanceResourceOwnershipRegressionTests" name="test_release_preserves_replaced_lock_and_pid_markers" time="0.078" /><testcase classname="tests.test_binance_resource_ownership_regression.BinanceResourceOwnershipRegressionTests" name="test_stop_marker_published_during_acquisition_survives_startup_cleanup" time="0.063" /><testcase classname="tests.test_binance_risk.BinanceRiskEnvelopeTests" name="test_envelope_is_decimal_only_immutable_and_canonical" time="0.002" /><testcase classname="tests.test_binance_risk.SymbolRulesTests" name="test_exchange_info_parses_every_supported_filter_and_preserves_unknowns" time="0.005" /><testcase classname="tests.test_binance_risk.SymbolRulesTests" name="test_filter_reasons_cover_price_quantity_notional_percent_and_position_limits" time="0.003" /><testcase classname="tests.test_binance_risk.SymbolRulesTests" name="test_order_type_time_in_force_status_and_spot_filters" time="0.002" /><testcase classname="tests.test_binance_risk.SymbolRulesTests" name="test_side_rounding_market_rounding_and_zero_disabled_tick_step" time="0.001" /><testcase classname="tests.test_binance_risk.PendingAndSnapshotTests" name="test_from_account_normalizes_balances_and_rollover_resets_only_daily_fields" time="0.001" /><testcase classname="tests.test_binance_risk.PendingAndSnapshotTests" name="test_pending_and_unknown_orders_remain_reserved_until_reconciled" time="0.001" /><testcase classname="tests.test_binance_risk.OrderSizingAndProjectionTests" name="test_risk_assessment_properties_and_facade_aliases" time="0.002" /><testcase classname="tests.test_binance_risk.OrderSizingAndProjectionTests" name="test_sell_sizing_floors_owned_inventory_and_rejects_dust" time="0.001" /><testcase classname="tests.test_binance_risk.OrderSizingAndProjectionTests" name="test_size_limit_order_floors_buy_after_ceiling_price_and_accounts_for_fee" time="0.001" /><testcase classname="tests.test_binance_risk.BudgetAssessmentTests" name="test_entry_budget_reasons_include_quote_cap_exposure_loss_position_and_pause_limits" time="0.001" /><testcase classname="tests.test_binance_risk.BudgetAssessmentTests" name="test_entry_projection_uses_usdt_notional_and_fee_without_float_math" time="0.001" /><testcase classname="tests.test_binance_risk.BudgetAssessmentTests" name="test_order_limits_and_exit_reserve_keep_capacity_for_owned_positions" time="0.001" /><testcase classname="tests.test_binance_risk.ExitAssessmentTests" name="test_default_envelope_has_canonical_canary_boundaries" time="0.001" /><testcase classname="tests.test_binance_risk.ExitAssessmentTests" name="test_exit_reduces_exposure_and_is_not_blocked_by_loss_stops_or_entry_cap" time="0.001" /><testcase classname="tests.test_binance_risk.ExitAssessmentTests" name="test_exit_rejects_foreign_inventory_oversell_dust_and_below_minimum" time="0.001" /><testcase classname="tests.test_binance_risk.ExitAssessmentTests" name="test_exit_submission_and_account_pause_rate_limit_reasons_are_observable" time="0.001" /><testcase classname="tests.test_binance_risk.ExitAssessmentTests" name="test_market_boolean_strings_use_semantic_flag_parsing" time="0.001" /><testcase classname="tests.test_binance_risk.ExitAssessmentTests" name="test_market_stale_thin_wide_crash_account_and_rate_reasons" time="0.001" /><testcase classname="tests.test_binance_risk.BinanceRiskBoundaryTests" name="test_direct_rules_normalize_symbol_policy_and_exchange_boolean_flags" time="0.001" /><testcase classname="tests.test_binance_risk.BinanceRiskBoundaryTests" name="test_exchange_reserve_applies_without_spending_exit_submission_counter" time="0.001" /><testcase classname="tests.test_binance_risk.BinanceRiskBoundaryTests" name="test_existing_position_can_grow_at_position_count_boundary" time="0.001" /><testcase classname="tests.test_binance_risk.BinanceRiskBoundaryTests" name="test_fee_cap_and_post_round_validation_never_approve_infeasible_buy" time="0.001" /><testcase classname="tests.test_binance_risk.BinanceRiskBoundaryTests" name="test_lot_and_market_lot_boundaries_use_decimal_floor_and_market_rules" time="0.001" /><testcase classname="tests.test_binance_risk.BinanceRiskBoundaryTests" name="test_notional_market_apply_flags_and_disabled_zero_bounds" time="0.001" /><testcase classname="tests.test_binance_risk.BinanceRiskBoundaryTests" name="test_notional_parser_keeps_stricter_bound_and_its_market_flag" time="0.001" /><testcase classname="tests.test_binance_risk.BinanceRiskBoundaryTests" name="test_percent_price_by_side_uses_bid_and_ask_boundaries" time="0.001" /><testcase classname="tests.test_binance_risk.BinanceRiskBoundaryTests" name="test_price_filter_boundaries_and_zero_disabled_bounds" time="0.002" /><testcase classname="tests.test_binance_risk.BinanceRiskBoundaryTests" name="test_sell_sizing_rounds_to_tick_and_validates_the_rounded_order" time="0.001" /><testcase classname="tests.test_binance_risk.BinanceRiskBoundaryTests" name="test_size_sell_without_inventory_hint_still_rounds_and_validates_dust" time="0.001" /><testcase classname="tests.test_binance_risk.BinanceRiskBoundaryTests" name="test_zero_notional_filter_does_not_clear_active_minimum" time="0.001" /><testcase classname="tests.test_binance_risk_accounting_regression.BinanceRiskAccountingRegressionTests" name="test_local_and_peer_reservations_are_counted_once_and_sell_is_base_only" time="0.043" /><testcase classname="tests.test_binance_signals.BinanceSignalsTests" name="test_exit_identity_differs_and_origin_policy_survives_new_winner" time="0.002" /><testcase classname="tests.test_binance_signals.BinanceSignalsTests" name="test_holdout_is_not_an_automated_observation" time="0.012" /><testcase classname="tests.test_binance_signals.BinanceSignalsTests" name="test_only_closed_bar_and_interval_dedup" time="0.002" /><testcase classname="tests.test_binance_signals.BinanceSignalsTests" name="test_paper_depth_vwap_caps_consumption_and_recomputes_partial_fill" time="0.017" /><testcase classname="tests.test_binance_signals.BinanceSignalsTests" name="test_paper_exit_quantity_is_capped_by_valid_bids" time="0.009" /><testcase classname="tests.test_binance_signals.BinanceSignalsTests" name="test_paper_forward_is_next_open_costed_and_restart_deterministic" time="0.013" /><testcase classname="tests.test_binance_signals.BinanceSignalsTests" name="test_paper_forward_now_cutoff_filters_future_bars_and_is_in_run_identity" time="0.018" /><testcase classname="tests.test_binance_signals.BinanceSignalsTests" name="test_paper_invalid_book_levels_add_no_liquidity" time="0.011" /><testcase classname="tests.test_binance_spot.BinanceSpotTests" name="test_credential_ref_stable_id_is_deterministic_separated_and_opaque" time="0.002" /><testcase classname="tests.test_binance_spot.BinanceSpotTests" name="test_credential_store_namespace_environment_isolation_and_safe_projection" time="0.002" /><testcase classname="tests.test_binance_spot.BinanceSpotTests" name="test_deadline_is_transport_only_and_bounds_opener_timeout" time="0.002" /><testcase classname="tests.test_binance_spot.BinanceSpotTests" name="test_development_profile_is_immutable_and_preserves_lexical_db_path" time="0.006" /><testcase classname="tests.test_binance_spot.BinanceSpotTests" name="test_endpoint_allowlist_orders_and_validation_only_label" time="0.002" /><testcase classname="tests.test_binance_spot.BinanceSpotTests" name="test_exact_signed_query_and_header" time="0.002" /><testcase classname="tests.test_binance_spot.BinanceSpotTests" name="test_explicit_testnet_profile_has_distinct_resources" time="0.004" /><testcase classname="tests.test_binance_spot.BinanceSpotTests" name="test_profile_rejects_dedicated_db_hardlink_to_axiom_db" time="0.004" /><testcase classname="tests.test_binance_spot.BinanceSpotTests" name="test_profile_rejects_dedicated_db_symlink_to_axiom_db" time="0.003"><skipped type="pytest.skip" message="filesystem symlinks unavailable: [WinError 1314] A required privilege is not held by the client: 'C:\\Users\\User\\AppData\\Local\\Temp\\tmpj9r63a87\\runtime-data\\axiom.sqlite' -&gt; 'C:\\Users\\User\\AppData\\Local\\Temp\\tmpj9r63a87\\runtime-data\\binance-dev.sqlite'">C:\Users\User\projects\axiom-polymarket-release\tests\test_binance_spot.py:124: filesystem symlinks unavailable: [WinError 1314] A required privilege is not held by the client: 'C:\\Users\\User\\AppData\\Local\\Temp\\tmpj9r63a87\\runtime-data\\axiom.sqlite' -&gt; 'C:\\Users\\User\\AppData\\Local\\Temp\\tmpj9r63a87\\runtime-data\\binance-dev.sqlite'</skipped></testcase><testcase classname="tests.test_binance_spot.BinanceSpotTests" name="test_profile_rejects_dot_and_dotdot_db_components" time="0.003" /><testcase classname="tests.test_binance_spot.BinanceSpotTests" name="test_profile_rejects_runtime_data_directory_symlink" time="0.004"><skipped type="pytest.skip" message="filesystem symlinks unavailable: [WinError 1314] A required privilege is not held by the client: 'C:\\Users\\User\\AppData\\Local\\Temp\\tmpr59uzd3_\\real-runtime-data' -&gt; 'C:\\Users\\User\\AppData\\Local\\Temp\\tmpr59uzd3_\\runtime-data'">C:\Users\User\projects\axiom-polymarket-release\tests\test_binance_spot.py:177: filesystem symlinks unavailable: [WinError 1314] A required privilege is not held by the client: 'C:\\Users\\User\\AppData\\Local\\Temp\\tmpr59uzd3_\\real-runtime-data' -&gt; 'C:\\Users\\User\\AppData\\Local\\Temp\\tmpr59uzd3_\\runtime-data'</skipped></testcase><testcase classname="tests.test_binance_spot.BinanceSpotTests" name="test_profile_rejects_shared_axiom_db_wrong_names_and_roots" time="0.003" /><testcase classname="tests.test_binance_spot.BinanceSpotTests" name="test_profile_rejects_wrong_db_alias_port_host_and_transport" time="0.007" /><testcase classname="tests.test_binance_spot.BinanceSpotTests" name="test_public_testnet_methods_are_unsigned_and_fixed_origin" time="0.002" /><testcase classname="tests.test_binance_spot.BinanceSpotTests" name="test_query_and_cancel_never_sign_python_client_order_id_alias" time="0.002" /><testcase classname="tests.test_binance_spot.BinanceSpotTests" name="test_signed_redirect_is_rejected_before_any_follow_up" time="0.002" /><testcase classname="tests.test_binance_spot.BinanceSpotTests" name="test_signed_timestamp_uses_bounded_server_offset_and_reserved_fields_fail_closed" time="0.002" /><testcase classname="tests.test_binance_spot.BinanceSpotTests" name="test_unknown_rate_limit_reject_and_paper" time="0.003" /><testcase classname="tests.test_binance_testnet.BinanceTestnetGateTests" name="test_absent_credentials_and_venue_make_zero_calls" time="0.006" /><testcase classname="tests.test_binance_testnet.BinanceTestnetGateTests" name="test_account_read_uses_server_offset_and_bounded_recv_window" time="0.005" /><testcase classname="tests.test_binance_testnet.BinanceTestnetGateTests" name="test_ambiguous_submission_is_unknown_and_idempotent" time="0.025" /><testcase classname="tests.test_binance_testnet.BinanceTestnetGateTests" name="test_atomic_admission_is_idempotent_across_service_instances" time="0.096" /><testcase classname="tests.test_binance_testnet.BinanceTestnetGateTests" name="test_authentication_error_mapping_never_discloses_secret" time="0.005" /><testcase classname="tests.test_binance_testnet.BinanceTestnetGateTests" name="test_authoritative_buy_history_allows_exit_with_production_account_shape" time="0.043" /><testcase classname="tests.test_binance_testnet.BinanceTestnetGateTests" name="test_autonomous_held_reservation_blocks_probe_from_shared_account" time="0.006" /><testcase classname="tests.test_binance_testnet.BinanceTestnetGateTests" name="test_blank_credentials_are_unconfigured_and_make_zero_calls" time="0.007" /><testcase classname="tests.test_binance_testnet.BinanceTestnetGateTests" name="test_book_ticker_uses_official_24hr_reference_for_percent_filter" time="0.007" /><testcase classname="tests.test_binance_testnet.BinanceTestnetGateTests" name="test_canceled_terminal_without_my_trades_is_unknown_and_held" time="0.029" /><testcase classname="tests.test_binance_testnet.BinanceTestnetGateTests" name="test_concurrent_reconcile_serializes_single_exit_submission" time="0.045" /><testcase classname="tests.test_binance_testnet.BinanceTestnetGateTests" name="test_credential_store_removal_and_rotation_block_before_network" time="0.007" /><testcase classname="tests.test_binance_testnet.BinanceTestnetGateTests" name="test_delayed_my_trades_recovery_is_idempotent_for_partial_buy" time="0.053" /><testcase classname="tests.test_binance_testnet.BinanceTestnetGateTests" name="test_durable_reservation_is_held_for_unknown_and_blocks_repeat_submission" time="0.028" /><testcase classname="tests.test_binance_testnet.BinanceTestnetGateTests" name="test_execute_and_reconcile_share_operation_lock" time="0.148" /><testcase classname="tests.test_binance_testnet.BinanceTestnetGateTests" name="test_expired_gate_is_persisted_blocked_and_makes_no_later_call" time="0.006" /><testcase classname="tests.test_binance_testnet.BinanceTestnetGateTests" name="test_expired_terminal_without_my_trades_is_unknown_and_retried" time="0.030" /><testcase classname="tests.test_binance_testnet.BinanceTestnetGateTests" name="test_final_credential_fence_rejects_rotation_before_submit" time="0.016" /><testcase classname="tests.test_binance_testnet.BinanceTestnetGateTests" name="test_final_durable_fence_rejects_reset_before_submit" time="0.016" /><testcase classname="tests.test_binance_testnet.BinanceTestnetGateTests" name="test_full_buy_exit_is_authoritative_and_isolated" time="0.046" /><testcase classname="tests.test_binance_testnet.BinanceTestnetGateTests" name="test_invalid_key_permission_is_distinct_from_signature_error" time="0.005" /><testcase classname="tests.test_binance_testnet.BinanceTestnetGateTests" name="test_malformed_buy_cumulative_keeps_buy_ledger_unchanged" time="0.022" /><testcase classname="tests.test_binance_testnet.BinanceTestnetGateTests" name="test_malformed_trade_symbol_keeps_buy_ledger_unchanged" time="0.029" /><testcase classname="tests.test_binance_testnet.BinanceTestnetGateTests" name="test_missing_authoritative_buy_order_id_rejects_unrelated_trade" time="0.030" /><testcase classname="tests.test_binance_testnet.BinanceTestnetGateTests" name="test_missing_authoritative_sell_order_id_rejects_unrelated_trade_and_release" time="0.060" /><testcase classname="tests.test_binance_testnet.BinanceTestnetGateTests" name="test_nonpass_connectivity_persistence_crossing_deadline_projects_expiry" time="0.006" /><testcase classname="tests.test_binance_testnet.BinanceTestnetGateTests" name="test_nonpass_validation_persistence_crossing_deadline_projects_expiry" time="0.007" /><testcase classname="tests.test_binance_testnet.BinanceTestnetGateTests" name="test_partial_fill_and_base_fee_reduce_owned_quantity" time="0.035" /><testcase classname="tests.test_binance_testnet.BinanceTestnetGateTests" name="test_partial_sell_releases_only_remainder_and_never_oversells" time="0.060" /><testcase classname="tests.test_binance_testnet.BinanceTestnetGateTests" name="test_planned_exit_impossible_blocks_before_any_order_mutation" time="0.006" /><testcase classname="tests.test_binance_testnet.BinanceTestnetGateTests" name="test_prohibited_permission_blocks_even_with_spot_trade" time="0.006" /><testcase classname="tests.test_binance_testnet.BinanceTestnetGateTests" name="test_query_identity_and_trade_economics_preserve_accounting_snapshot" time="0.066" /><testcase classname="tests.test_binance_testnet.BinanceTestnetGateTests" name="test_realized_quote_fees_are_not_double_counted_in_equity_loss" time="0.007" /><testcase classname="tests.test_binance_testnet.BinanceTestnetGateTests" name="test_reset_during_market_sizing_blocks_stale_exit" time="0.030" /><testcase classname="tests.test_binance_testnet.BinanceTestnetGateTests" name="test_reset_missing_history_is_durable_pause_and_never_resubmitted" time="0.036" /><testcase classname="tests.test_binance_testnet.BinanceTestnetGateTests" name="test_timeout_after_accepted_mutation_reconciles_by_client_id_once" time="0.048" /><testcase classname="tests.test_binance_testnet.BinanceTestnetGateTests" name="test_timeout_cap_is_locked_and_restored_for_overlapping_direct_call" time="0.005" /><testcase classname="tests.test_binance_testnet.BinanceTestnetGateTests" name="test_trade_evidence_requires_exact_order_id_and_recovers_idempotently" time="0.065" /><testcase classname="tests.test_binance_testnet.BinanceTestnetGateTests" name="test_unavailable_my_trades_keeps_filled_order_unknown_and_reserved" time="0.025" /><testcase classname="tests.test_binance_testnet.BinanceTestnetGateTests" name="test_unknown_third_asset_fee_blocks_and_persists_new_entry" time="0.006" /><testcase classname="tests.test_binance_testnet.BinanceTestnetGateTests" name="test_validation_uses_test_order_without_order_side_effect" time="0.005" /><testcase classname="tests.test_canary.CanaryTests" name="test_accepted_execution_status_counts_as_open_exposure" time="0.092" /><testcase classname="tests.test_canary.CanaryTests" name="test_aggregate_match_ack_waits_for_authoritative_trade_fill" time="0.100" /><testcase classname="tests.test_canary.CanaryTests" name="test_arm_rechecks_kill_latch_before_write" time="0.057" /><testcase classname="tests.test_canary.CanaryTests" name="test_armed_readiness_requires_venue" time="0.051" /><testcase classname="tests.test_canary.CanaryTests" name="test_authoritative_status_read_is_serialized_against_concurrent_writer" time="0.044" /><testcase classname="tests.test_canary.CanaryTests" name="test_autonomous_scan_reaches_persisted_rank_after_1000_without_exceeding_tick_cap" time="5.724" /><testcase classname="tests.test_canary.CanaryTests" name="test_balance_includes_worst_case_fees" time="0.066" /><testcase classname="tests.test_canary.CanaryTests" name="test_canary_check_without_credentials_rejects_without_order" time="0.055" /><testcase classname="tests.test_canary.CanaryTests" name="test_collector_grades_c_and_d_prevent_arming" time="0.050" /><testcase classname="tests.test_canary.CanaryTests" name="test_connectivity_check_is_prearming_read_only" time="0.049" /><testcase classname="tests.test_canary.CanaryTests" name="test_control_kill_after_submitting_transition_blocks_sink" time="0.078" /><testcase classname="tests.test_canary.CanaryTests" name="test_credentials_never_persist_or_render" time="0.113" /><testcase classname="tests.test_canary.CanaryTests" name="test_credentials_require_only_signer_and_preserve_optional_relayer_values" time="0.038" /><testcase classname="tests.test_canary.CanaryTests" name="test_cross_process_kill_does_not_wait_for_blocked_submission" time="0.605" /><testcase classname="tests.test_canary.CanaryTests" name="test_current_hard_gate_blocks_even_with_immutable_binding" time="0.036" /><testcase classname="tests.test_canary.CanaryTests" name="test_daily_loss_limit_prevents_submission" time="0.057" /><testcase classname="tests.test_canary.CanaryTests" name="test_daily_order_count_excludes_prior_days" time="0.119" /><testcase classname="tests.test_canary.CanaryTests" name="test_dashboard_labels_real_canary_and_production_disabled" time="0.037" /><testcase classname="tests.test_canary.CanaryTests" name="test_dashboard_preserves_killed_state_and_last_request_status" time="0.121" /><testcase classname="tests.test_canary.CanaryTests" name="test_default_startup_cannot_trade" time="0.046" /><testcase classname="tests.test_canary.CanaryTests" name="test_different_candidate_cannot_trade_or_write_ledger" time="0.064" /><testcase classname="tests.test_canary.CanaryTests" name="test_direct_submit_rejects_expired_signal_before_sink" time="0.057" /><testcase classname="tests.test_canary.CanaryTests" name="test_direct_submit_rejects_over_cap_scope_before_venue" time="0.077" /><testcase classname="tests.test_canary.CanaryTests" name="test_direct_submit_rejects_signal_at_exact_expiry_boundary" time="0.053" /><testcase classname="tests.test_canary.CanaryTests" name="test_direct_submit_requires_persisted_ready_signal" time="0.060" /><testcase classname="tests.test_canary.CanaryTests" name="test_direct_submit_scope_expansion_after_reservation_blocks_sink" time="0.102" /><testcase classname="tests.test_canary.CanaryTests" name="test_disarm_after_reservation_blocks_sink" time="0.094" /><testcase classname="tests.test_canary.CanaryTests" name="test_documented_notional_minimum_rounds_up_to_quantity_step" time="0.097" /><testcase classname="tests.test_canary.CanaryTests" name="test_duplicate_signal_and_restart_cannot_duplicate" time="0.143" /><testcase classname="tests.test_canary.CanaryTests" name="test_durable_scan_schema_and_autonomous_risk_envelope_are_persisted" time="0.069" /><testcase classname="tests.test_canary.CanaryTests" name="test_expired_arm_cannot_trade" time="0.081" /><testcase classname="tests.test_canary.CanaryTests" name="test_exposure_limit_includes_worst_case_fees" time="0.081" /><testcase classname="tests.test_canary.CanaryTests" name="test_exposure_limit_prevents_submission" time="0.058" /><testcase classname="tests.test_canary.CanaryTests" name="test_final_risk_and_health_fences_block_direct_sink" time="0.201" /><testcase classname="tests.test_canary.CanaryTests" name="test_final_risk_and_health_fences_block_official_sink" time="0.204" /><testcase classname="tests.test_canary.CanaryTests" name="test_frozen_and_paper_forward_stages_store_bounded_qualification_evidence" time="0.071" /><testcase classname="tests.test_canary.CanaryTests" name="test_full_canary_check_remains_armed_gate" time="0.053" /><testcase classname="tests.test_canary.CanaryTests" name="test_generation_change_after_reservation_blocks_sink" time="0.103" /><testcase classname="tests.test_canary.CanaryTests" name="test_geoblock_prevents_arming_and_submission" time="0.059" /><testcase classname="tests.test_canary.CanaryTests" name="test_hermes_has_no_canary_execution_fields" time="0.040" /><testcase classname="tests.test_canary.CanaryTests" name="test_ineligible_candidate_cannot_arm" time="0.055" /><testcase classname="tests.test_canary.CanaryTests" name="test_initial_readiness_keeps_qualification_and_selection_unknown" time="0.063" /><testcase classname="tests.test_canary.CanaryTests" name="test_insufficient_balance_blocks_readiness_and_submission" time="0.056" /><testcase classname="tests.test_canary.CanaryTests" name="test_invalid_asks_fail_closed_for_readiness_and_submission" time="0.085" /><testcase classname="tests.test_canary.CanaryTests" name="test_invalid_frozen_binding_cannot_trade" time="0.063" /><testcase classname="tests.test_canary.CanaryTests" name="test_kill_during_official_allowance_blocks_post_order" time="0.109" /><testcase classname="tests.test_canary.CanaryTests" name="test_kill_switch_latches_against_rearming" time="0.060" /><testcase classname="tests.test_canary.CanaryTests" name="test_kill_switch_prevents_trading" time="0.069" /><testcase classname="tests.test_canary.CanaryTests" name="test_legacy_eligibility_evidence_must_bind_verified_frozen_hash" time="0.063" /><testcase classname="tests.test_canary.CanaryTests" name="test_lifecycle_evidence_is_classified_without_weakening_binding" time="0.086" /><testcase classname="tests.test_canary.CanaryTests" name="test_limits_reject_nonfinite_values" time="0.041" /><testcase classname="tests.test_canary.CanaryTests" name="test_market_minimum_exceeding_target_skips" time="0.065" /><testcase classname="tests.test_canary.CanaryTests" name="test_matched_evaluation_failure_marks_projection_stale" time="0.048" /><testcase classname="tests.test_canary.CanaryTests" name="test_max_order_count_prevents_submission" time="0.097" /><testcase classname="tests.test_canary.CanaryTests" name="test_migrated_pre_column_control_row_starts_at_generation_one" time="0.078" /><testcase classname="tests.test_canary.CanaryTests" name="test_missing_credentials_cannot_arm" time="0.038" /><testcase classname="tests.test_canary.CanaryTests" name="test_missing_gate_tampered_hash_and_malformed_documents_are_rejected" time="0.047" /><testcase classname="tests.test_canary.CanaryTests" name="test_no_dataset_prediction_candidate_is_rejected" time="0.044" /><testcase classname="tests.test_canary.CanaryTests" name="test_non_polymarket_venue_requires_explicit_test_opt_in" time="0.055" /><testcase classname="tests.test_canary.CanaryTests" name="test_official_market_context_tick_reaches_buy_preflight" time="0.091" /><testcase classname="tests.test_canary.CanaryTests" name="test_official_trade_settlement_status_is_preserved" time="0.040" /><testcase classname="tests.test_canary.CanaryTests" name="test_official_venue_expiry_crossing_after_reservation_rejects_before_sink" time="0.089" /><testcase classname="tests.test_canary.CanaryTests" name="test_official_venue_rejects_plaintext_credential_mapping" time="0.037" /><testcase classname="tests.test_canary.CanaryTests" name="test_older_evaluation_failure_cannot_clobber_newer_current_projection" time="0.061" /><testcase classname="tests.test_canary.CanaryTests" name="test_paper_and_real_ledgers_are_separate" time="0.094" /><testcase classname="tests.test_canary.CanaryTests" name="test_paper_forward_telemetry_update_preserves_eligibility_binding" time="0.063" /><testcase classname="tests.test_canary.CanaryTests" name="test_polymarket_subclass_requires_explicit_test_opt_in" time="0.059" /><testcase classname="tests.test_canary.CanaryTests" name="test_prediction_market_sources_are_b_ranking_inputs_without_requalifying" time="0.084" /><testcase classname="tests.test_canary.CanaryTests" name="test_projection_busy_after_authoritative_commit_returns_stale_result" time="0.050" /><testcase classname="tests.test_canary.CanaryTests" name="test_public_counts_exclude_tampered_eligibility_binding" time="0.063" /><testcase classname="tests.test_canary.CanaryTests" name="test_published_readiness_projects_scan_cycle_fields_consistently" time="0.066" /><testcase classname="tests.test_canary.CanaryTests" name="test_qualification_record_evidence_refreshes_lifecycle_hash_before_requalification" time="0.071" /><testcase classname="tests.test_canary.CanaryTests" name="test_read_only_sdk_client_is_closed" time="0.050" /><testcase classname="tests.test_canary.CanaryTests" name="test_rejected_candidate_cannot_mark_eligible" time="0.043" /><testcase classname="tests.test_canary.CanaryTests" name="test_rejected_lifecycle_blocks_even_with_immutable_binding" time="0.042" /><testcase classname="tests.test_canary.CanaryTests" name="test_reservation_commits_before_sink_and_blocks_interrupted_retry" time="0.090" /><testcase classname="tests.test_canary.CanaryTests" name="test_restart_preserves_valid_eligibility_binding" time="0.049" /><testcase classname="tests.test_canary.CanaryTests" name="test_risk_accounting_failure_trips_durable_breaker" time="0.084" /><testcase classname="tests.test_canary.CanaryTests" name="test_safe_projection_single_flight_is_bounded_and_secret_free" time="0.098" /><testcase classname="tests.test_canary.CanaryTests" name="test_schema_initialization_migration_holds_store_lock" time="0.069" /><testcase classname="tests.test_canary.CanaryTests" name="test_scope_races_after_submitting_check_block_direct_sink" time="0.293" /><testcase classname="tests.test_canary.CanaryTests" name="test_scope_races_after_submitting_check_block_official_sink" time="0.276" /><testcase classname="tests.test_canary.CanaryTests" name="test_slippage_prevents_submission" time="0.065" /><testcase classname="tests.test_canary.CanaryTests" name="test_snapshot_publications_serialize_authoritative_read_and_write" time="0.313" /><testcase classname="tests.test_canary.CanaryTests" name="test_status_projects_confirmed_exit_pnl_on_pht_day" time="0.068" /><testcase classname="tests.test_canary.CanaryTests" name="test_status_report_retains_latest_signal_and_legacy_projection_aliases" time="0.050" /><testcase classname="tests.test_canary.CanaryTests" name="test_submission_binding_rejects_hash_mutations" time="0.058" /><testcase classname="tests.test_canary.CanaryTests" name="test_submission_timeout_is_durable_unknown_and_not_retried" time="0.120" /><testcase classname="tests.test_canary.CanaryTests" name="test_success_response_without_order_identity_stays_unknown" time="0.103" /><testcase classname="tests.test_canary.CanaryTests" name="test_target_is_never_silently_increased" time="0.083" /><testcase classname="tests.test_canary.CanaryTests" name="test_test_venue_expiry_crossing_after_reservation_rejects_before_sink" time="0.085" /><testcase classname="tests.test_canary.CanaryTests" name="test_top_level_ranking_aliases_are_classified_as_b_and_change_hash" time="0.122" /><testcase classname="tests.test_canary.CanaryTests" name="test_unsorted_asks_use_lowest_price_for_readiness_and_submission" time="0.107" /><testcase classname="tests.test_canary.CanarySignalTests" name="test_aborted_submit_makes_zero_exchange_requests" time="0.136" /><testcase classname="tests.test_canary.CanarySignalTests" name="test_all_market_failures_apply_severity_and_preserve_resolver_order" time="0.045" /><testcase classname="tests.test_canary.CanarySignalTests" name="test_armed_candidate_mismatch_rejects_without_submission" time="0.093" /><testcase classname="tests.test_canary.CanarySignalTests" name="test_autonomous_binding_rejects_forged_rank_zero_representative" time="0.089" /><testcase classname="tests.test_canary.CanarySignalTests" name="test_canary_signal_retention_bounds_older_unexpired_ready_duplicates" time="0.066" /><testcase classname="tests.test_canary.CanarySignalTests" name="test_canary_signal_transient_retention_preserves_references_and_current_ready" time="0.063" /><testcase classname="tests.test_canary.CanarySignalTests" name="test_changed_candidate_invalidates_signal" time="0.067" /><testcase classname="tests.test_canary.CanarySignalTests" name="test_cli_exposes_no_signal_overrides" time="0.065" /><testcase classname="tests.test_canary.CanarySignalTests" name="test_closed_market_
[...]
tcase classname="tests.test_phase3.Phase3PaperAndRiskTests" name="test_forward_engine_processes_equal_timestamp_source_pages" time="0.012" /><testcase classname="tests.test_phase3.Phase3PaperAndRiskTests" name="test_forward_engine_rejects_preregistration_and_deduplicates_after_restart" time="0.008" /><testcase classname="tests.test_phase3.Phase3PaperAndRiskTests" name="test_group_cap_uses_gross_positions_and_allows_unwind" time="0.001" /><testcase classname="tests.test_phase3.Phase3PaperAndRiskTests" name="test_historical_prediction_fill_uses_point_in_time_price_not_current_quote" time="0.001" /><testcase classname="tests.test_phase3.Phase3PaperAndRiskTests" name="test_no_outcome_does_not_fill_without_a_no_quote" time="0.008" /><testcase classname="tests.test_phase3.Phase3PaperAndRiskTests" name="test_prediction_market_cap_aggregates_yes_and_no_outcomes" time="0.001" /><testcase classname="tests.test_phase3.Phase3PaperAndRiskTests" name="test_settlement_conflict_cannot_overwrite_authoritative_result" time="0.012" /><testcase classname="tests.test_phase3.Phase3PaperAndRiskTests" name="test_stateful_model_error_isolated_to_one_observation" time="0.007" /><testcase classname="tests.test_phase3.Phase3PaperAndRiskTests" name="test_stateful_model_rolls_back_and_restores_across_restart" time="0.010" /><testcase classname="tests.test_phase3.Phase3LifecycleBusTests" name="test_director_summary_and_proposal_validation_are_bounded" time="0.013" /><testcase classname="tests.test_phase3.Phase3LifecycleBusTests" name="test_durable_bus_deduplicates_leases_and_denies_private_mutation" time="0.009" /><testcase classname="tests.test_phase3.Phase3LifecycleBusTests" name="test_lifecycle_requires_ordered_stages_and_persists_rejection" time="0.008" /><testcase classname="tests.test_phase3.Phase3LifecycleBusTests" name="test_mutations_are_deterministic_lineaged_and_budgeted" time="0.008" /><testcase classname="tests.test_phase3.Phase3NodeDashboardTests" name="test_crypto_node_deduplicates_ticker_observations_before_execution" time="0.008" /><testcase classname="tests.test_phase3.Phase3NodeDashboardTests" name="test_dashboard_facade_exposes_phase3_fields" time="0.029" /><testcase classname="tests.test_phase3.Phase3NodeDashboardTests" name="test_node_lock_shutdown_logging_and_persisted_status" time="1.097" /><testcase classname="tests.test_phase3.Phase3NodeDashboardTests" name="test_node_paper_worker_accepts_canonical_strategy_document_hash" time="0.036" /><testcase classname="tests.test_phase3.CandidateForwardAuthorityTests" name="test_authority_and_required_health_are_read_only" time="0.016" /><testcase classname="tests.test_phase3.CandidateForwardAuthorityTests" name="test_empty_or_unsupported_authority_is_unresolved_without_tracked_fallback" time="0.016" /><testcase classname="tests.test_phase3.CandidateForwardAuthorityTests" name="test_exact_target_beyond_tracked_inventory_page_is_loaded_directly" time="0.078" /><testcase classname="tests.test_phase3.CandidateForwardAuthorityTests" name="test_frozen_filters_match_only_open_forward_markets_and_remain_bounded" time="0.017" /><testcase classname="tests.test_phase3.CandidateForwardAuthorityTests" name="test_historical_constituents_are_not_executable_and_exact_current_target_survives" time="0.015" /><testcase classname="tests.test_phase3.CandidateForwardAuthorityTests" name="test_terminal_exact_target_is_closed_not_executable" time="0.014" /><testcase classname="tests.test_phase4.Phase4AutonomousLoopTests" name="test_after_commit_callbacks_follow_nested_savepoint_boundaries" time="0.007" /><testcase classname="tests.test_phase4.Phase4AutonomousLoopTests" name="test_expectancy_uses_resolved_independent_markets_and_costs" time="0.015" /><testcase classname="tests.test_phase4.Phase4AutonomousLoopTests" name="test_forged_candidate_parameters_and_identity_are_rejected" time="0.079" /><testcase classname="tests.test_phase4.Phase4AutonomousLoopTests" name="test_forged_experiment_result_cannot_contaminate_lifecycle_evidence" time="0.046" /><testcase classname="tests.test_phase4.Phase4AutonomousLoopTests" name="test_forward_paper_evidence_reaches_human_review_gate_without_live_route" time="0.060" /><testcase classname="tests.test_phase4.Phase4AutonomousLoopTests" name="test_forward_promotion_does_not_borrow_validation_metrics" time="0.054" /><testcase classname="tests.test_phase4.Phase4AutonomousLoopTests" name="test_lifecycle_snapshot_stale_publication_waits_for_outer_commit" time="0.038" /><testcase classname="tests.test_phase4.Phase4AutonomousLoopTests" name="test_locked_holdout_is_not_consumed_by_autonomous_evaluation" time="0.054" /><testcase classname="tests.test_phase4.Phase4AutonomousLoopTests" name="test_losing_validation_is_terminal_rejection_and_safety_fields_are_explicit" time="0.047" /><testcase classname="tests.test_phase4.Phase4AutonomousLoopTests" name="test_multiple_fills_same_market_count_one_independent_resolved_bet" time="0.015" /><testcase classname="tests.test_phase4.Phase4AutonomousLoopTests" name="test_mutation_limits_daily_budget_and_queue_types_are_deterministic" time="0.143" /><testcase classname="tests.test_phase4.Phase4AutonomousLoopTests" name="test_no_signal_snapshot_is_not_counted_as_no_fill" time="0.008" /><testcase classname="tests.test_phase4.Phase4AutonomousLoopTests" name="test_one_losing_forward_bet_does_not_trigger_performance_rejection" time="0.055" /><testcase classname="tests.test_phase4.Phase4AutonomousLoopTests" name="test_ordering_fields_are_safe_but_order_and_secret_fields_remain_forbidden" time="0.019" /><testcase classname="tests.test_phase4.Phase4AutonomousLoopTests" name="test_partial_fill_accounting_uses_requested_and_filled_quantity" time="0.008" /><testcase classname="tests.test_phase4.Phase4AutonomousLoopTests" name="test_plan_budget_limits_cannot_poison_node_owned_autonomous_budget" time="0.074" /><testcase classname="tests.test_phase4.Phase4AutonomousLoopTests" name="test_plan_numeric_ranges_are_bounded_and_deterministic" time="0.002" /><testcase classname="tests.test_phase4.Phase4AutonomousLoopTests" name="test_prediction_datasetless_ambiguity_rejects_before_lifecycle_mutation" time="0.017" /><testcase classname="tests.test_phase4.Phase4AutonomousLoopTests" name="test_prediction_result_binding_accepts_absent_dataset_id" time="0.072" /><testcase classname="tests.test_phase4.Phase4AutonomousLoopTests" name="test_prediction_result_binding_rejects_forged_dataset_id" time="0.047" /><testcase classname="tests.test_phase4.Phase4AutonomousLoopTests" name="test_prediction_sentinel_dataset_version_is_rejected_before_loading" time="0.016" /><testcase classname="tests.test_phase4.Phase4AutonomousLoopTests" name="test_probability_projection_uses_canonical_fresh_nested_evidence" time="0.007" /><testcase classname="tests.test_phase4.Phase4AutonomousLoopTests" name="test_restart_after_crash_retries_transaction_without_duplicates" time="0.073" /><testcase classname="tests.test_phase4.Phase4AutonomousLoopTests" name="test_severe_drawdown_is_hard_rejection_without_resolved_bets" time="0.062" /><testcase classname="tests.test_phase4.Phase4AutonomousLoopTests" name="test_summary_dashboard_and_report_outputs_are_machine_and_human_readable" time="0.021" /><testcase classname="tests.test_phase4.Phase4AutonomousLoopTests" name="test_synthetic_offline_plan_runs_historical_lifecycle_and_registers_forward" time="0.057" /><testcase classname="tests.test_phase4.Phase4AutonomousLoopTests" name="test_target_membership_and_category_filters_are_all_required" time="0.009" /><testcase classname="tests.test_phase4.Phase4AutonomousLoopTests" name="test_unresolved_fills_are_excluded_from_expectancy" time="0.010" /><testcase classname="tests.test_phase42.Phase42HistoricalTests" name="test_btc_bootstrap_keeps_failed_cursor_resumable" time="0.008" /><testcase classname="tests.test_phase42.Phase42HistoricalTests" name="test_btc_bootstrap_retries_incrementally_and_catalogs_immutable_versions" time="0.011" /><testcase classname="tests.test_phase42.Phase42HistoricalTests" name="test_btc_walk_forward_report_uses_catalog_only_and_persists_labels" time="9.305" /><testcase classname="tests.test_phase42.Phase42HistoricalTests" name="test_catalog_source_types_are_explicitly_separated" time="0.008" /><testcase classname="tests.test_phase42.Phase42HistoricalTests" name="test_regime_labels_are_overlapping_and_include_low_volatility" time="0.014" /><testcase classname="tests.test_phase42.Phase42PolymarketTests" name="test_polymarket_bootstrap_preserves_price_proxy_and_resumes_aggregate" time="0.026" /><testcase classname="tests.test_phase42.Phase42DashboardTests" name="test_dashboard_empty_state_and_dynamic_json_api" time="0.531" /><testcase classname="tests.test_phase42.Phase42DashboardTests" name="test_dashboard_historical_only_state_does_not_claim_forward_health" time="0.015" /><testcase classname="tests.test_phase42.Phase42DashboardTests" name="test_dashboard_populated_state_exposes_coverage_candidates_and_detail" time="0.009" /><testcase classname="tests.test_phase42.Phase42DashboardTests" name="test_operator_exposes_current_health_and_exact_collector_reason" time="0.001" /><testcase classname="tests.test_polymarket_combined_integration.PolymarketCombinedIntegrationTests" name="test_canonical_proposal_research_freeze_resolution_fresh_inputs_decide" time="0.073" /><testcase classname="tests.test_polymarket_combined_integration.PolymarketCombinedIntegrationTests" name="test_dashboard_canary_accepts_qualified_partial_full_and_owned_exit" time="0.325" /><testcase classname="tests.test_polymarket_combined_integration.PolymarketCombinedIntegrationTests" name="test_dashboard_combined_reads_are_storage_only_and_bounded" time="0.542" /><testcase classname="tests.test_polymarket_combined_integration.PolymarketCombinedIntegrationTests" name="test_ready_signal_uses_fresh_candidate_bound_model_probability" time="0.075" /><testcase classname="tests.test_polymarket_combined_integration.PolymarketCombinedIntegrationTests" name="test_worker_scans_eligible_candidates_without_persisted_ranking" time="0.276" /><testcase classname="tests.test_polymarket_combined_integration.PolymarketCombinedIntegrationTests" name="test_worker_surfaces_missing_executable_authority_after_binding_fence" time="0.175" /><testcase classname="tests.test_polymarket_discovery_delivery.PolymarketDiscoveryDeliveryTests" name="test_historical_constituent_is_not_rule_scope_authority" time="0.002" /><testcase classname="tests.test_polymarket_discovery_delivery.PolymarketDiscoveryDeliveryTests" name="test_market_inventory_uses_keyset_cursor_not_offsets" time="0.002" /><testcase classname="tests.test_polymarket_discovery_delivery.PolymarketDiscoveryDeliveryTests" name="test_public_market_trades_preserve_condition_and_resumable_offset" time="0.002" /><testcase classname="tests.test_polymarket_discovery_delivery.PolymarketDiscoveryDeliveryTests" name="test_public_trade_identity_preserves_same_transaction_multiple_fills" time="0.002" /><testcase classname="tests.test_polymarket_discovery_delivery.PolymarketDiscoveryDeliveryTests" name="test_trade_offset_cap_keeps_inclusive_boundary_and_reports_partial_gap" time="0.520" /><testcase classname="tests.test_polymarket_research_modes.PolymarketResearchModeTests" name="test_prediction_momentum_is_directional_not_probability_calibration" time="0.001" /><testcase classname="tests.test_polymarket_research_modes.PolymarketResearchModeTests" name="test_prediction_rejects_future_source_but_uses_observed_capture_time" time="0.001" /><testcase classname="tests.test_polymarket_research_modes.PolymarketResearchModeTests" name="test_proxy_execution_is_causal_and_marked_conditional" time="0.002" /><testcase classname="tests.test_polymarket_research_modes.PolymarketResearchModeTests" name="test_proxy_holds_pending_execution_across_missing_future_quote" time="0.003" /><testcase classname="tests.test_polymarket_research_modes.PolymarketResearchModeTests" name="test_proxy_interleaving_uses_per_market_holding_and_cost_provenance" time="0.003" /><testcase classname="tests.test_polymarket_research_modes.PolymarketResearchModeTests" name="test_recorded_replay_requires_timestamped_observed_book" time="0.002" /><testcase classname="tests.test_polymarket_research_modes.PolymarketResearchModeTests" name="test_structured_exit_policy_is_retained_in_curve_evidence" time="0.002" /><testcase classname="tests.test_polymarket_research_orchestration.PolymarketResearchOrchestrationTests" name="test_all_declared_trials_are_manifested_and_holdout_cannot_select" time="0.002" /><testcase classname="tests.test_polymarket_research_orchestration.PolymarketResearchOrchestrationTests" name="test_backtest_uses_normalized_costs_and_structured_exit_contract" time="0.003" /><testcase classname="tests.test_polymarket_research_orchestration.PolymarketResearchOrchestrationTests" name="test_insufficient_history_still_collects_bounded_paper_observations" time="0.028" /><testcase classname="tests.test_polymarket_research_orchestration.PolymarketResearchOrchestrationTests" name="test_predeclared_seed_does_not_fall_back_to_unrelated_prediction_dataset" time="0.009" /><testcase classname="tests.test_polymarket_research_orchestration.PolymarketResearchOrchestrationTests" name="test_predeclared_starting_set_uses_price_causal_trials_and_excludes_control" time="0.001" /><testcase classname="tests.test_polymarket_research_orchestration.PolymarketResearchOrchestrationTests" name="test_process_pending_seeds_bounded_starting_set_idempotently" time="0.058" /><testcase classname="tests.test_polymarket_research_orchestration.PolymarketResearchOrchestrationTests" name="test_research_results_are_paper_only_before_any_live_control" time="0.001" /><testcase classname="tests.test_polymarket_research_orchestration.PolymarketResearchOrchestrationTests" name="test_successor_rejects_mutated_immutable_predecessor_hash" time="0.004" /><testcase classname="tests.test_polymarket_truthfulness_regression.PolymarketTruthfulnessRegressionTests" name="test_dashboard_exposes_stale_and_error_reasons_not_no_signal" time="0.071" /><testcase classname="tests.test_polymarket_truthfulness_regression.PolymarketTruthfulnessRegressionTests" name="test_isolated_profile_blocks_real_transport_before_and_after_copied_enable" time="0.074" /><testcase classname="tests.test_polymarket_truthfulness_regression.PolymarketTruthfulnessRegressionTests" name="test_unknown_submission_is_not_successful_and_is_not_resubmitted" time="0.085" /><testcase classname="tests.test_polymarket_truthfulness_regression.PolymarketTruthfulnessRegressionTests" name="test_unresolved_authority_is_public_and_durable" time="0.053" /><testcase classname="tests.test_scalability_aggregate.AggregateCatalogScalabilityTests" name="test_aggregate_loads_nonzero_rows_with_provenance" time="0.006" /><testcase classname="tests.test_scalability_aggregate.AggregateCatalogScalabilityTests" name="test_exact_first_hermes_shaped_dataset_load_is_nonempty" time="0.007" /><testcase classname="tests.test_scalability_aggregate.AggregateCatalogScalabilityTests" name="test_forward_rows_are_excluded_and_quality_is_preserved" time="0.006" /><testcase classname="tests.test_scalability_aggregate.AggregateCatalogScalabilityTests" name="test_wrong_constituent_version_fails_closed" time="0.007" /><testcase classname="tests.test_scalability_aggregate.AggregateCatalogScalabilityTests" name="test_yes_mid_rows_remain_compatible_with_entry_price_filters" time="0.008" /><testcase classname="tests.test_scalability_autonomy.CryptoAutonomyScalabilityTests" name="test_atomic_daily_cap_rejects_second_candidate_and_allows_retry" time="0.006" /><testcase classname="tests.test_scalability_autonomy.CryptoAutonomyScalabilityTests" name="test_bounded_crypto_plan_accepts_existing_deterministic_family" time="0.003" /><testcase classname="tests.test_scalability_autonomy.CryptoAutonomyScalabilityTests" name="test_crypto_plan_rejects_unsupported_family_and_missing_versioned_data" time="0.002" /><testcase classname="tests.test_scalability_autonomy.CryptoAutonomyScalabilityTests" name="test_crypto_worker_rejects_subset_universe_before_candidate_lifecycle_writes" time="0.016" /><testcase classname="tests.test_scalability_autonomy.CryptoAutonomyScalabilityTests" name="test_crypto_worker_uses_backtest_only_and_keeps_locked_holdout_out_of_evidence" time="0.038" /><testcase classname="tests.test_scalability_crypto_research.ScalabilityCryptoResearchTests" name="test_bound_reports_are_idempotently_persisted_and_network_data_is_not_a_dataset" time="0.486" /><testcase classname="tests.test_scalability_crypto_research.ScalabilityCryptoResearchTests" name="test_bound_research_filters_persisted_bars_inclusive_utc_before_metrics" time="0.034" /><testcase classname="tests.test_scalability_crypto_research.ScalabilityCryptoResearchTests" name="test_cross_sectional_counts_provenance_failures_and_execution_safety" time="0.145" /><testcase classname="tests.test_scalability_crypto_research.ScalabilityCryptoResearchTests" name="test_multi_symbol_results_keep_metrics_and_strategy_identity_separate" time="0.135" /><testcase classname="tests.test_scalability_crypto_research.ScalabilityCryptoResearchTests" name="test_partial_dataset_mapping_rejects_without_provider_calls" time="0.001" /><testcase classname="tests.test_scalability_health.ScalabilityHealthTests" name="test_node_collection_uses_live_observation_time" time="0.524" /><testcase classname="tests.test_scalability_health.ScalabilityHealthTests" name="test_opportunity_pipeline_reuses_fresh_forward_evidence_without_resweep" time="0.009" /><testcase classname="tests.test_scalability_health.ScalabilityHealthTests" name="test_provider_timestamps_within_request_or_skew_window_are_evidence" time="0.008" /><testcase classname="tests.test_scalability_health.ScalabilityHealthTests" name="test_truly_future_market_timestamp_is_rejected_with_exact_request_details" time="0.007" /><testcase classname="tests.test_scalability_health.ScalabilityHealthTests" name="test_worker_state_persists_latest_degrading_reason" time="0.007" /><testcase classname="tests.test_sqlite_concurrency.SQLiteConcurrencyTests" name="test_attestation_first_writer_insert_returns_one_winner" time="0.052" /><testcase classname="tests.test_sqlite_concurrency.SQLiteConcurrencyTests" name="test_cli_formats_exhausted_busy_retry" time="0.001" /><testcase classname="tests.test_sqlite_concurrency.SQLiteConcurrencyTests" name="test_concurrent_final_submission_slot_has_one_winner" time="0.048" /><testcase classname="tests.test_sqlite_concurrency.SQLiteConcurrencyTests" name="test_crash_before_catalog_publication_is_resumable_without_duplicates" time="0.330" /><testcase classname="tests.test_sqlite_concurrency.SQLiteConcurrencyTests" name="test_dashboard_operator_read_does_not_create_or_mutate_canary_schema" time="0.042" /><testcase classname="tests.test_sqlite_concurrency.SQLiteConcurrencyTests" name="test_delayed_attestation_cannot_overwrite_newer_policy" time="0.048" /><testcase classname="tests.test_sqlite_concurrency.SQLiteConcurrencyTests" name="test_file_store_uses_verified_wal_and_memory_store_does_not_assume_wal" time="0.033" /><testcase classname="tests.test_sqlite_concurrency.SQLiteConcurrencyTests" name="test_node_bootstrap_and_dashboard_coexist_on_one_file_database" time="0.314" /><testcase classname="tests.test_sqlite_concurrency.SQLiteConcurrencyTests" name="test_partial_risk_schema_adds_indexed_columns_before_indexes" time="0.014" /><testcase classname="tests.test_sqlite_concurrency.SQLiteConcurrencyTests" name="test_projection_publication_busy_is_stale_and_recoverable" time="0.830" /><testcase classname="tests.test_sqlite_concurrency.SQLiteConcurrencyTests" name="test_retry_does_not_retry_integrity_errors" time="0.001" /><testcase classname="tests.test_sqlite_concurrency.SQLiteConcurrencyTests" name="test_writer_lock_failure_is_bounded_and_friendly" time="0.790" /></testsuite></testsuites>